customerservice: 41767 次
flights: 35494 次
default.asp: 28626 次
affiliates: 26654 次
Default.asp: 5079 次
deals: 2032 次
drive: 927 次
attractions: 770 次
checkstatus: 739 次
CustomerService: 586 次
advertise: 497 次
Customerservice: 447 次
r: 370 次
3v3nt: 345 次
ErrorPage.asp: 333 次
us: 276 次
finance: 275 次
profile: 272 次
pws: 226 次
relax: 225 次
cars: 217 次
_Incapsula_Resource: 213 次
chkrequest.asp: 197 次
m: 177 次
airlines: 172 次
svcs: 118 次
stay: 117 次
1034_Priceline_NYOP_NS.asp: 105 次
10: 103 次
1: 96 次
12: 92 次
rentalcars: 89 次
cart: 83 次
2: 79 次
3: 73 次
11: 71 次
4: 70 次
2009: 68 次
job: 68 次
blog: 57 次
chkRequest.asp: 56 次
blink: 55 次
2010: 53 次
9aTjSd0n: 53 次
partner: 49 次
5: 47 次
hotels: 47 次
hotel: 43 次
CheckStatus: 42 次
8: 34 次
6: 33 次
assets: 33 次
03: 31 次
05: 31 次
7: 31 次
category: 31 次
04: 29 次
06: 29 次
assignments: 29 次
deal_box_hp: 28 次
9: 27 次
fly: 26 次
auto.priceline.com: 25 次
241: 24 次
ad.hk.doubleclick.net: 24 次
0: 22 次
3102: 22 次
fonts: 22 次
09: 21 次
291: 21 次
ad.doubleclick.net: 21 次
careers: 21 次
countries: 21 次
home: 21 次
vacationpackages: 21 次
logo: 20 次
articles: 19 次
shop: 19 次
AutoSiteTour: 18 次
common: 18 次
deal_box: 17 次
default_af.asp: 17 次
alert.asp: 16 次
341: 15 次
api: 15 次
location: 15 次
81: 14 次
docs: 14 次
content: 13 次
941: 12 次
directory: 12 次
ErrorPage.htm: 12 次
apprentice: 11 次
bestdays: 11 次
community: 11 次
promo: 11 次
AutoInformationCenter: 10 次
europe: 10 次
promotion: 10 次
2008: 9 次
components: 9 次
en: 9 次
es:80: 9 次
ew: 9 次
sc.do: 9 次
archive: 8 次
blogs: 8 次
company: 8 次
cruise: 8 次
department: 8 次
about: 7 次
aboutpriceline: 7 次
AboutPriceline: 7 次
add_to: 7 次
AutoCustomerService: 7 次
content_marketing_blog: 7 次
devel: 7 次
myprofile: 7 次
travel: 7 次
a: 6 次
contact: 6 次
errors: 6 次
feeds: 6 次
sitemaps: 6 次
%22data:image: 5 次
2007: 5 次
accounts: 5 次
airfares: 5 次
autopia: 5 次
Boise: 5 次
booking_box_options: 5 次
booking_box_submit: 5 次
booking_box_top_left: 5 次
booking_box_top_right: 5 次
Boston: 5 次
charm: 5 次
cic_text: 5 次
dashboard: 5 次
Director.asp: 5 次
elmo: 5 次
helpers: 5 次
sharedapps: 5 次
sitemap.xml: 5 次
%5C%22%5C: 5 次
1.0: 4 次
216.247.117.111: 4 次
_next: 4 次
air_description_of_coverage: 4 次
archives: 4 次
Atlanta: 4 次
autos: 4 次
bbs: 4 次
book: 4 次
budgettravel: 4 次
campaigns: 4 次
classifieds: 4 次
comments: 4 次
discuss: 4 次
e: 4 次
events: 4 次
fdsys: 4 次
feed: 4 次
hotelxd: 4 次
l: 4 次
ajaxjson: 4 次
searchresults.es.html: 4 次
...: 3 次
350: 3 次
Annapolis: 3 次
apex: 3 次
application: 3 次
article: 3 次
association: 3 次
Austin: 3 次
author: 3 次
B: 3 次
b: 3 次
browse_by_city: 3 次
business: 3 次
c: 3 次
categories: 3 次
cgi: 3 次
Charlotte: 3 次
Chicago: 3 次
cityss.asp: 3 次
clk: 3 次
Columbus: 3 次
commentary: 3 次
corp: 3 次
customerservifaq: 3 次
data: 3 次
documentation: 3 次
download: 3 次
educators: 3 次
f: 3 次
faq: 3 次
insideTrack: 3 次
splash: 3 次
ajax: 3 次
results.do: 3 次
%20: 2 次
&quot: 2 次
+: 2 次
08: 2 次
404: 2 次
476: 2 次
_ylt=3648C868A1DB: 2 次
about_olpc_news: 2 次
academy: 2 次
account: 2 次
activities: 2 次
akarshsimha: 2 次
Alabama: 2 次
Albany: 2 次
America: 2 次
Anchorage: 2 次
API: 2 次
Arizona: 2 次
at: 2 次
authentication: 2 次
authors: 2 次
be_online: 2 次
bloggers: 2 次
bookingPP.do: 2 次
bower_components: 2 次
browse: 2 次
car: 2 次
carsdirect: 2 次
CG_1: 2 次
city: 2 次
cityList.do: 2 次
client: 2 次
Colorado: 2 次
CommonDefault.aspx: 2 次
contractPaymentRateChange.do: 2 次
corp.priceline.com.hk: 2 次
cs: 2 次
customerService: 2 次
cycling: 2 次
D: 2 次
daily: 2 次
DD: 2 次
default: 2 次
Deki: 2 次
detail: 2 次
developer: 2 次
developerworks: 2 次
development: 2 次
doc: 2 次
dor: 2 次
drupal: 2 次
dumb_as_a_blog: 2 次
eletra: 2 次
En: 2 次
endurance: 2 次
entertainment2013: 2 次
entrepreneurs: 2 次
environment: 2 次
es: 2 次
exec: 2 次
extend: 2 次
Extras: 2 次
fading: 2 次
feedback: 2 次
financev2: 2 次
graphcdn: 2 次
graphics: 2 次
landing: 2 次
media: 2 次
MM: 2 次
modules: 2 次
molecules: 2 次
pricebreakers: 2 次
receipt: 2 次
rooms: 2 次
smartphone: 2 次
static: 2 次
your: 2 次
this.props.data,ctaText=_.get(data,: 2 次
book.html: 2 次
oauth2: 2 次
baker: 2 次
%22%20%5Ct%20%22_blank: 1 次
%22,%22t%22:%22Priceline.com: 1 次
%22%3EPriceline%3C: 1 次
%22TARGET=%22_blank: 1 次
%22TARGET=%22_New: 1 次
%22target=%22blank: 1 次
%22target=%22index: 1 次
%22TARGET=%22NEW: 1 次
%22TARGET=%22TOP: 1 次
%22target=_new: 1 次
%0d: 1 次
%20%20: 1 次
%20%203: 1 次
%207: 1 次
%20[standard%20source]: 1 次
%20[web%20focused]: 1 次
%20[web%20raw]: 1 次
%20\return%20clk(this,\'res\',\: 1 次
%20negative%20vote: 1 次
%20onmousedown=: 1 次
%20pricebreakers: 1 次
%20screenshot: 1 次
%20target=_blank: 1 次
%20vote%20positive: 1 次
%23: 1 次
%: 1 次
%3: 1 次
%a0%a0: 1 次
ŁŹ: 1 次
%C2%A0: 1 次
%E2%80%8E: 1 次
%E2%80%99: 1 次
%E2%80%9D: 1 次
%E2%80%9D%5D: 1 次
%E6%88%96http:: 1 次
%EF%BC%89: 1 次
%EF%BC%89%EF%BC%8CHotwire%EF%BC%88https:: 1 次
&: 1 次
&&a.target.tagName!==: 1 次
&&evt.type!=: 1 次
&a=Priceline: 1 次
&a=Priceline.com: 1 次
&amp: 1 次
&dll=dtportal: 1 次
&IP=170.158.140.150&CAT=SHOP&USER=IPGROUP&CE=0: 1 次
&plf=pcln&path=bak: 1 次
&preventCache=1386010564: 1 次
&q=travel+car+rental: 1 次
&q=travel+discount: 1 次
&user=0: 1 次
&windowname=a1017815246860: 1 次
&ws_type=bks_dp_ads&ws_position=1: 1 次
&ws_type=bks_dp_ads&ws_position=2: 1 次
&ws_type=bks_dp_ads&ws_position=3: 1 次
&WT.tu=1: 1 次
': 1 次
'&ad=38708.2&lp=113233: 1 次
'&ad=38708.2&lp=142923: 1 次
'&ad=38708.2&lp=151795: 1 次
'&ad=38708.2&lp=182269: 1 次
'&ad=38708.2&lp=87551: 1 次
'&ad=38708.4&lp=168320: 1 次
'onclick=%22javascript:sitestat('Priceline'): 1 次
*: 1 次
++: 1 次
++vLJVL3kH59douHXdfYUg==: 1 次
+0tGr0kTFJBQwq2qyP3rkQ==: 1 次
+2HSMJOedMoKFkJpOZFMPw==: 1 次
+2P3Tf17wikKjroX6cz98Q==: 1 次
+3twJCbY9efiJXlLgV: 1 次
+5A8qrgXT4jDWYqt9Db2XQ==: 1 次
+65RWWfQlHyvYzOv4ukC3g==: 1 次
+6ByrjV33oUARrU9: 1 次
+6DY8WVuhpXOszO9: 1 次
+6FbnVL+Zw6sHXFPqZYoSw==: 1 次
+7XRtB+wjPTfw7eg1i6Wrg==: 1 次
+9FwpojGN1fYQuot7iM92Q==: 1 次
+9gQ8t: 1 次
+ACLXjG0iMa5lqiyWmfYCQ==: 1 次
+AiDefsgbSuMyhZYfrI3gA==: 1 次
+C9tMu4tkt9KRnBH1BGxiQ==: 1 次
+dJgyJYMpWz+OeHfKsvfA==: 1 次
+E4VPGDJSXHVepyoJP: 1 次
+eh9aNn6qh3HdBxLAgx3xQ==: 1 次
+eHt5CyfvfYHPXJ7kbMTVw==: 1 次
+ektldE4KLYLz1oQrtr: 1 次
+ftEPiSd06rmcWfNaoAk1A==: 1 次
+g0ZUu7zepSTacsM5: 1 次
+hB5MI+WE3Jj1IFyu+d3IQ==: 1 次
+hp7Ib: 1 次
+HuPyrIZGU+Am+4TgQV91w==: 1 次
+hW7UXUFSyxR4vGs4pfE+A==: 1 次
+ia+4YZJzy: 1 次
+IeX+zISpwJa0mnYrRtwsw==: 1 次
+KD1xSsjakJGksinsJJcXg==: 1 次
+kiHYIHEY0rxD+8akBMPWA==: 1 次
+kqLHGSzqTliLD: 1 次
+kwid5x0JEOB4kf45eL7ZA==: 1 次
+kYn6HspooHNapBNVeoXvg==: 1 次
+M8swSpa5RjrRp2qgkFFZw==: 1 次
+MB0AzLwPYNbukvSIw5N0Q==: 1 次
+mj4u7XxOltFXOGSun+eOQ==: 1 次
+mM04zW4vbKqlp3bf3Be9w==: 1 次
+NIUyQZLVKG6o3JIHaxYbA==: 1 次
+noM2xceaDOSUu4RIGJ: 1 次
+oDgUKttZ2BdX: 1 次
+OkncdfqZqsHj5AJra9P: 1 次
+PfYV1Ry71dCpZcqGpmXhA==: 1 次
+PIATuW03xwNSrBTr41AXg==: 1 次
+puG7KzDRQ5tww+611847w==: 1 次
+PVTIrXT: 1 次
+pXX1w5GDqR6e2U0332WQ==: 1 次
+q8eN: 1 次
+QBNuwvN97zdRoZQo2w9Jg==: 1 次
+qSfOIWFoXZ: 1 次
+RBaKRFgFVJG0g8ODqKEWw==: 1 次
+rC3Kq33UliHiV9KBrWGvQ==: 1 次
+stBl0umpgiGF: 1 次
+target=: 1 次
+TgTB9IzjEstdLZ: 1 次
+TKzT9BIPHRr5E37lN+mnw==: 1 次
+Uju5ciEDVsUarTmf: 1 次
+UPInE4b7Zq2IFQVKd42UQ==: 1 次
+Vfor0OsqfuRXfxa8+nTqg==: 1 次
+WemcYN9EuZMLUUZgtUWUw==: 1 次
+wWkQrbVaKaAEe6Knkn0EQ==: 1 次
+XnCt0exa64tMTKR: 1 次
+y: 1 次
+yuCDIIFFm31mvexf7seCg==: 1 次
+Zb2mEq11xEGs8u9qx9nLg==: 1 次
+zCMylSUGMsTBJSBC7w1fw==: 1 次
,: 1 次
.0: 1 次
.[28: 1 次
.com: 1 次
.hk: 1 次
.html: 1 次
.jhk: 1 次
.sg: 1 次
0+MMO3KHtM74r4UlwtshpA==: 1 次
0+YmpDD6IknVWD: 1 次
0.0: 1 次
0.025em: 1 次
0.2em: 1 次
0.2px: 1 次
0.2s: 1 次
0.4s: 1 次
0.5: 1 次
0.6ex: 1 次
003mdqNLBfraJGzRGb3byg==: 1 次
02OMknX+PuWPmCMoM+cD+Q==: 1 次
02veSx: 1 次
04CzhIfGSNw5OF6VslABnA==: 1 次
084036&plf=corbz: 1 次
09fovpzuoBZ+vfRbSsSeHA==: 1 次
0aGd6T+m4oZJ2m+h4ZVZ6A==: 1 次
0awtx7pCIqR8Fs6rjiYNw==: 1 次
0AzbHcvvbrsAsbRQGbLT6w==: 1 次
0be0RPrqTEJWADB1iQRQ4A==: 1 次
0bUUwr5oMQEPyj9dEHGXUg==: 1 次
0bwHeLbAIRrBa3+o+J3xuw==: 1 次
0C9KCpspT3uj4BRcWXGKuQ==: 1 次
0CoY+l2RodK6AH4KMWmEYQ==: 1 次
0cq6V31yFpGEoat07QytDw==: 1 次
0DFbBazo3AHvJSR: 1 次
0Dg6yTkdeF5SZI3zGfXUIw==: 1 次
0e9ldaqQBIFJ: 1 次
0EgrF6QRUpzzpRBre5qR3A==: 1 次
0F8tY90DFyozOZS9GSJS5g==: 1 次
0fjYrz: 1 次
0Fm305KEduAdSyNYr4bM9A==: 1 次
0FNST0BRlA3np4+JjZm9+A==: 1 次
0FP7mRNVTZm: 1 次
0hT: 1 次
0i4pB1mhFcu9nnknpc0E2Q==: 1 次
0I6X6N4irCb7A0KbPM2VoQ==: 1 次
0IPe+OFUfX3owvuBkYog3w==: 1 次
0kCejE5TJREnFAV5: 1 次
0KfNGLWJsXfRgQuiJnXoqg==: 1 次
0kO69+Mw0wyuSWShtnVjNQ==: 1 次
0L4coe0: 1 次
0Lna: 1 次
0mwV7WVzuTX3wmqu2gEbbg==: 1 次
0n5F174eLBRrIR1dIm960g==: 1 次
0ny0QYxos1jI4qAScyQY5Q==: 1 次
0o5jz6AqKK45A5n: 1 次
0oU15vQyfBzNr: 1 次
0poVPPK1HffKNNTnBV1K: 1 次
0QDCsH9qTW5id7nslPa+ww==: 1 次
0qRDXDFu: 1 次
0QyFE3ZqY8xiQEbKHRQexg==: 1 次
0RKEX0duMHHUZmkVHG57XA==: 1 次
0rL6h23auppN1PTgsmTzEQ==: 1 次
0ROQP67Qh4TIh83ExtJ4Pg==: 1 次
0SGnS4MEp5ULJfYh9wo4UQ==: 1 次
0Th2srpxVC: 1 次
0TO_: 1 次
0tRPG8+r756+Uqh8EPIK7g==: 1 次
0tso5oMkyfXTv4R+Yl6nlA==: 1 次
0unvB7PkzWc4LDVKKIVPAg==: 1 次
0V2syNI5iX+6s4ATwSnvQw==: 1 次
0v9sjEZIzvnfSagbOKM9zg==: 1 次
0vtq7y7dQO3Hr3ezsyBfMA==: 1 次
0WKC9qKJFkd+uYXU0R: 1 次
0xCkBIP5OZ3X7RcS4P3XAg==: 1 次
0XUgIN6oiEHl5WGiHRryMA==: 1 次
0yMRLvamIsAyDpKR8YfJHg==: 1 次
0YnMCgkt9miHj5Lcv93+NQ==: 1 次
0zm3HLrV7E1JiV2aHRgZHQ==: 1 次
0zSF2CcjkOUWXKSdAyK3pQ==: 1 次
1.1: 1 次
1.2: 1 次
1.2ex: 1 次
1.3: 1 次
1.3.2: 1 次
1.3ex: 1 次
1.4: 1 次
1.4.2: 1 次
1.5: 1 次
1.6em: 1 次
10242.html: 1 次
104686: 1 次
10rqsy0wbisXs0OoFrAbpw==: 1 次
1136862: 1 次
1139719: 1 次
1197427: 1 次
1201: 1 次
12th%20Annual%20Motor%20City%20Tattoo%20Expo.htm: 1 次
137gaE3qNPxQr8Ki02wpiw==: 1 次
1464518: 1 次
146799: 1 次
1492113: 1 次
15657.html: 1 次
15890.html: 1 次
16: 1 次
1610374: 1 次
16242.html: 1 次
16526.html: 1 次
16787.html: 1 次
16995.html: 1 次
1715296: 1 次
17209.html: 1 次
17538.html: 1 次
17859.html: 1 次
17gazuPh6K5xpKJ+lz8cyg==: 1 次
1838181: 1 次
18403.html: 1 次
1850112: 1 次
18556.html: 1 次
18871.html: 1 次
19586.html: 1 次
19830.html: 1 次
19wtY6LFu4IQe: 1 次
1Ae1jtEqJTUVanmb9zulZg==: 1 次
1bvxoktfm0j5huR4F: 1 次
1ByTISURquuKXQ1CQSnVIA==: 1 次
1CAqjuUVp7Aj: 1 次
1cD9Vg9bb51MUpQqPyRS5g==: 1 次
1FP3sFTMd8ccePo+3U: 1 次
1FRK4HkiXSCv0sxNm3O+lg==: 1 次
1IK: 1 次
1iQeKPQ6Oz8IPZMXdi2qXQ==: 1 次
1IVY4TnqWnQbtWb9A1rOeA==: 1 次
1JBBsgQqLZaYPxNc1cOjZQ==: 1 次
1Kf1z1U+2dlvfQR7uEV9YA==: 1 次
1kKOyOaoIXzlqOX+NbeQ: 1 次
1lqZljfl6z: 1 次
1m11uL5lENV9TdgeryBufA==: 1 次
1MEqaIF7MYFvT8zVs7WLiA==: 1 次
1MKDerdg1WlBx1C8m: 1 次
1mLLWT9LGRd9ue: 1 次
1o: 1 次
1o14Hyii4k: 1 次
1OwMWJsKEpp0SFzj850E9w==: 1 次
1OYcZXHg9HnvEUq9N+Jz8Q==: 1 次
1PMMPS9Fx5p4xyGg3sqR9A==: 1 次
1PZ3rKcEBy9Us4csB7pDXw==: 1 次
1PZjw: 1 次
1RgYhQQ+AViYFMAz9azm6w==: 1 次
1RIOERP2W: 1 次
1RlPqEvdsu8omy4FgYQEHQ==: 1 次
1sgRmsbutnJp09+GDQFuKw==: 1 次
1tU+dyB5OlFT7ErkJu8fQg==: 1 次
1tX130Ug8qlyiNaCLUHtBQ==: 1 次
1V3RcpiZJ0zeKg2VVHY7Fg==: 1 次
1V6CxuZCSenlOHlLexvEPQ==: 1 次
1WA2vnNFHHmASfgiMvfBvQ==: 1 次
1WIwm8NEH07dvzFuXr: 1 次
1X8YLOCh8b50fofSNGTEYw==: 1 次
1yXwUJYoWFDPUy2zTjBbzw==: 1 次
1ZIKPZm8BftusyYXauPqYw==: 1 次
1ZItQhAYETzr9jC0TQq7Dw==: 1 次
1ZRlQBhpmwZz1Frv: 1 次
1zsiK1fcjBmp4kmSZdzKeA==: 1 次
1zyfSplNwg9+PPi+4tZ2yQ==: 1 次
2+7v8IXDnlh5sJNmxN39+w==: 1 次
2+8V+TfcFz4rxFFHnGt5FQ==: 1 次
2+n4lBsIgLCVGsdCT79TZA==: 1 次
20: 1 次
2005: 1 次
2006: 1 次
2011585: 1 次
2023summerrelease: 1 次
2023summerrelease&a=priceline.com: 1 次
204286: 1 次
206: 1 次
206966: 1 次
207386: 1 次
208922: 1 次
20BlJyExWLlDViwD8rvtzQ==: 1 次
2124580: 1 次
21pjCvpDutsQWdmY6IziSQ==: 1 次
221kbwuf08PvBnLvOYibKg==: 1 次
22l3UfyskO0rMBs81K: 1 次
24hour_free_pass_pop.html: 1 次
2512.html: 1 次
25b7T4ZqOhUxGV5k: 1 次
25jENZkgxmx22+sqIlZ3GQ==: 1 次
2654717: 1 次
26D76TSn6eTOM04be5m8JA==: 1 次
27qAD: 1 次
27t4fOetLma8nuL+rIEqrw==: 1 次
2935644: 1 次
29NDrlSsUi+EOml2SeU9DA==: 1 次
2adQJO2g9vt8TJkmFrR6dQ==: 1 次
2B4WqmNI4l2aifVH06PoOQ==: 1 次
2BV: 1 次
2c9oPPuJdNEVe: 1 次
2doONwMSvUeYglsY27TprQ==: 1 次
2EJMyp+wSznwBdG2kbIgaw==: 1 次
2F9LO1EaGLsBNzwPZb7ULQ==: 1 次
2fbPfU0Rj5i2hVlU5lG52w==: 1 次
2GukgzyUT0dspcNR4kCbng==: 1 次
2HhlSiIgpgKMdZF1Canw7A==: 1 次
2HjRqcm4OGicLCNBHGxm3Q==: 1 次
2HvGZT5BJFse3iduzoz1HQ==: 1 次
2iUeKtuCB2POIC5t9X7Xyg==: 1 次
2IYY2tFQFbFz6UDJsNElpw==: 1 次
2j9YE3Cz8f+CZQBkkkGzOA==: 1 次
2JA4VBcs2OtqI80afQ5+kw==: 1 次
2JhQSnIr: 1 次
2k8cxkSGMxE3W7KKHaGt7w==: 1 次
2LKC7IzSAofHpqk8GVmmBg==: 1 次
2lNueaTJIIaFbkquPnW1iA==: 1 次
2lov7rt250a3hKeSh: 1 次
2LrFI2FwTL5in2ydboqymw==: 1 次
2LUP1adf: 1 次
2LWbKGi0Fn7vxhwyrKjoBQ==: 1 次
2m++ZgMMwca8FOufVQyKuw==: 1 次
2M+SpK0cLOYBKqMCr5gG: 1 次
2Nz: 1 次
2oMJl: 1 次
2p4htWMhSFUsJFGNvlBzjA==: 1 次
2pgK7sS3M0VcptVUsPMkjw==: 1 次
2pkdvZe42ZnoBHfvic9HEw==: 1 次
2po2+SorkujhPAJF7CfLrQ==: 1 次
2pWJbgGSw5W2GBfAAVFKnA==: 1 次
2Pyqj5bbwCftGDIeQZTNog==: 1 次
2q0vYwlFZ06JXgRtRco9hg==: 1 次
2qacDmWF0z0GQbN8ZFcgoA==: 1 次
2rGDjGUj958iV3LCO5uAxQ==: 1 次
2rQ+2KKQLroxqRAiEmf91Q==: 1 次
2STkWiocG3PUJ: 1 次
2tellGywsTAR: 1 次
2TJ: 1 次
2TJjDZjAM5Vn5WOK8i6S: 1 次
2Ug+pMqy0D9CTC5VR3TaQQ==: 1 次
2wXetQ: 1 次
2Xp: 1 次
2XRCEFvqgO1Zxo1jwVqnRQ==: 1 次
2XSuvirA8nNIpGBGcXgUiA==: 1 次
2xZXaDqKUw4KN2s8BSXWvg==: 1 次
2Y5RmUXJKzxT7K5zCPHVfw==: 1 次
2y9NVGODFDLbSebwqf+5nw==: 1 次
2YclcWJMfN96iMWvb: 1 次
2yiXkVTs4r9F0DN597J+Og==: 1 次
2YMkqxtA1: 1 次
2YtUdrIpZOUVleDpB4P+zw==: 1 次
2Z4sQyobbpIol6owKQMszQ==: 1 次
301866.html: 1 次
3045079: 1 次
307214.html: 1 次
30ofnR+f8wI9E3CwHgsL7g==: 1 次
3141369: 1 次
31di+a: 1 次
322: 1 次
3254922: 1 次
32qFNfuLnEp83+8KOiDoDA==: 1 次
3302874: 1 次
33ukTxiGSEBrjhzfruW9tw==: 1 次
3438859: 1 次
345589: 1 次
3466444: 1 次
3529577: 1 次
3535442: 1 次
3557719: 1 次
35a2R7xN2pcjRldnkcn6pA==: 1 次
35QuDi: 1 次
35xX5wNf3qb2j4MZIhJpXQ==: 1 次
3652472: 1 次
36599.html: 1 次
3675.html: 1 次
368209: 1 次
36GCRnhMNEHgcgJLJRpU0w==: 1 次
37z1CFHgmlZ9YMwbs1B7HQ==: 1 次
3857933: 1 次
387985: 1 次
388409: 1 次
38XRiRANrQhp9o8S: 1 次
3928.html: 1 次
3957295: 1 次
3A2fmaERvu1UykY3vhF5sA==: 1 次
3ARHbdkq7sZVHzd1pUN5rA==: 1 次
3B+UtC: 1 次
3b: 1 次
3bdIYGCgqGm3nz8QgpS16w==: 1 次
3bLhsTo7W2BVBhtPA7C7+A==: 1 次
3BztF7sAto+P0P2t+sHV4g==: 1 次
3CmIDBgZ8gmp8k9xVvWUPw==: 1 次
3cPG7DDVI35xswWiNr: 1 次
3d1Ji7pHqyqQ4LXD9J+5Mw==: 1 次
3D4atwJSf: 1 次
3dB2PpwlImndk6WrVJ6Fqg==: 1 次
3E68M1s833U5i6+8LrAwiQ==: 1 次
3E7l4Qfg4KS2aFMZRQwhPQ==: 1 次
3eseibt8i53q+VysBreOsw==: 1 次
3f2MNGgNJ34wjnAc4OHCGQ==: 1 次
3Fz0o+6tn+evzby3AqwDjg==: 1 次
3hE4w0fHkWnukPoOCeF8: 1 次
3IcDJ4GX3ELdCPpQpJgqtA==: 1 次
3IiivdxnJoVQNEg5pC5OJA==: 1 次
3iJ3xkvi8BHF2n3G5P+fDQ==: 1 次
3iQ7yn+Z5: 1 次
3izFQ: 1 次
3JrsnTx+IoI2LCFAfZpJIg==: 1 次
3k1EukFXw2XWep7gskmSlA==: 1 次
3kWNFGYubL8LDIde+850ZA==: 1 次
3LGJ33piN96Z8h99dv+8Gg==: 1 次
3MlnBWGaKObowV3VXni66Q==: 1 次
3Mm: 1 次
3mnAHNG16O71cpnqYuB2mQ==: 1 次
3Nbc9AbrHFoJMUMDjDJrCQ==: 1 次
3nbRNXaQL30X0cWacvi9Ag==: 1 次
3NipHNORhJdGzc: 1 次
3NJCX26FgcBDGH5yaFtGPQ==: 1 次
3nz8GKVxPcDKEoIWO657Cw==: 1 次
3OZNB4l0epnBPdnlyEPZUg==: 1 次
3P+mrkJneNIJL+cKi0VfSw==: 1 次
3PFCkLfxhCLHWb7sdP+1kA==: 1 次
3qm+k3WOnujE5dVYqTZZGw==: 1 次
3qXLqnYa7IyVM7cmKNx22A==: 1 次
3RoPAsAHhLoxJTmn3GVk3w==: 1 次
3rT8TmvvEZYfjfyT8l1tjw==: 1 次
3S5: 1 次
3SALYYe3Gxk65LYZ8lZMTQ==: 1 次
3sAxMJIZACtygOG+pmagtg==: 1 次
3SKp2LkgsU3kgk8I6Z4f7g==: 1 次
3SqJjSkdjB0QwdBemuPtKw==: 1 次
3sQqVtvymPAuF6mXT: 1 次
3sYllEYBAFPvLg3gHLum1A==: 1 次
3TIANofcxoLaJOzynnhEDw==: 1 次
3uLBfJ3e: 1 次
3Ux4zLUhjete1Lw5cQB3Tw==: 1 次
3vqiigbA8unD95qLTFlFrw==: 1 次
3VT+g0WXyA9nroKhMYE+sQ==: 1 次
3wzA5csQFH4Hv27Ba4+fxA==: 1 次
3xBQM4e6bPWTwDVmBuoAQ==: 1 次
3xHMwogGdVDYaE4Q4+hwDw==: 1 次
3xir5inYdRULegIEToxRxw==: 1 次
3xNG7QetJMmcqV4: 1 次
3ZnWZe2wMOc9: 1 次
4.58057630736: 1 次
4.58102345416: 1 次
4.58395721925: 1 次
4.58412698413: 1 次
405Pn5qqu1Ha5NH6Xf5ahg==: 1 次
40JHRUh6RsB8Vqk1zCSqiw==: 1 次
40kRxw21v6OSZfj08RCU8A==: 1 次
4105300: 1 次
412: 1 次
416: 1 次
417: 1 次
41852qyHKyZHMYS: 1 次
419: 1 次
42+iKy4tSXG0oseGemrwEw==: 1 次
42CwdTpIfCHnxxbklTeh2A==: 1 次
42JAbOUfzUQbMQtNBHd2ew==: 1 次
4304440: 1 次
4318182: 1 次
4398196: 1 次
43G: 1 次
43HUVq60XYcbeOUbPGsHIg==: 1 次
43Ira0BIjqwPg9n7Y4sBQ==: 1 次
43o: 1 次
4424796: 1 次
4458210: 1 次
44iRYr05U0lhFs9s8r+AKA==: 1 次
450505: 1 次
4525530: 1 次
4560793: 1 次
4599833: 1 次
46DlAldeeQDVKhbG1qAvSQ==: 1 次
46prR1TEA66su+oDGHaFOg==: 1 次
4700108: 1 次
4800000: 1 次
4813928: 1 次
4823980: 1 次
489: 1 次
48TdIakXH9OdII76Cb94gw==: 1 次
4990543: 1 次
4add5bab6cc4bdB500090: 1 次
4aJbrbuVrgCvOOfCu1WpjA==: 1 次
4aSPmPdoaGSUIuuwBAJaEg==: 1 次
4AxZTFvDeCZjQIhi7rNTow==: 1 次
4b+onsWzCm7RLQBuRNyHZQ==: 1 次
4BdR4tfp+Ix0px4EVR2Lug==: 1 次
4brHgMm38DxuOl4pdy3ROw==: 1 次
4BT3TuG5qQ: 1 次
4BXQrMmyVZjmJg: 1 次
4CEdVregozh45X6MWR80RQ==: 1 次
4cLBNOSbmnMWztfmSXbOUw==: 1 次
4D+YSoxQqGpCFbbkObjRaQ==: 1 次
4drEqREuTRq0+AE6LLrV0w==: 1 次
4dT44KtfjfGR5tS4EVxPpg==: 1 次
4dZj1Htxn8VmlcJ3H93TYw==: 1 次
4E4waGeGYITPIgtzaf5ljg==: 1 次
4EBJQiWUu: 1 次
4edea49e00250300000000040000ed73071b9b9d0000000000000000000000000000000100: 1 次
4eImT: 1 次
4EYWUe: 1 次
4GUvccw95QmhriPw4rBbig==: 1 次
4h5rtbrwVP0UnkQ4TISixQ==: 1 次
4hhbc9C5CVoDnsFNzZjl: 1 次
4HImr0RHt: 1 次
4HtbEa2: 1 次
4jEHlSEqMVlO67UgnwhgAQ==: 1 次
4jZbxqb71BKH+uZIQ3KW+g==: 1 次
4nBoDskrfXSTkbxTEqi9PA==: 1 次
4Nc1i4Ac2EhQjyf7nk7Stw==: 1 次
4NGr5D9AuQam4cv52w95Bg==: 1 次
4ODW2zo74ejEkojakwzkIA==: 1 次
4oj8QLk27KlnmHuwpPOPBg==: 1 次
4P: 1 次
4PAi4i5yhpYRt6TsLez6Iw==: 1 次
4PHJFtwrmCBDUAMjN5ldjA==: 1 次
4Pq3PpcRk9efDFAVCZ63Q==: 1 次
4PuVElxuOwm1jkALzU9ZAA==: 1 次
4pyL2h6z48QBX00F9sj0yg==: 1 次
4q1eiSDx: 1 次
4QJfkVGE: 1 次
4qmyBWCL: 1 次
4qv: 1 次
4qYZkFkpCG: 1 次
4RkhYOla7melslpkEQUYmA==: 1 次
4rlUHQxjz3XC2+JWsqxYFA==: 1 次
4rYZ3lVobtrf2+TXLUswXw==: 1 次
4Rzg+W9SLpXBWCi6I5HyFg==: 1 次
4sf4hi9nYgHKLerFu8GVlA==: 1 次
4sVP7yHnlwygja9LzrVUuQ==: 1 次
4tTgHzBm6c0tObSku67Phw==: 1 次
4UdXYzny33x5CZjP6W9S9Q==: 1 次
4UHHH60Go6mqvAfdyU: 1 次
4Uim: 1 次
4vRbrmLdHC0doOJer19VCA==: 1 次
4vWkTbwvj0ZAsgC9myl0Fg==: 1 次
4WAIk8b: 1 次
4we0CwNnJ5kNLn5kb88Z: 1 次
4WgZVD8jtzWu5LI+EMhdyA==: 1 次
4woPv757UAo3NCM7WYU98g==: 1 次
4wQPGJpfxXSevIXG81pxZQ==: 1 次
4wX49BagIo6cVdF3JoLadw==: 1 次
4xErUEU4z4ypLnZ1SDKcDw==: 1 次
4xLjPwgECO3vnqT6O8kanA==: 1 次
4xWlKhWsAjIatUd9oAKk1A==: 1 次
4YsaqoTCJTVJdfzuMhiQ2A==: 1 次
4zcNjsrmWwVJxsjV8T: 1 次
5.0: 1 次
5.2: 1 次
5.3: 1 次
5.5: 1 次
5.5.4: 1 次
50: 1 次
5040665: 1 次
50I4TCvJ5Hp9i4V5+meNPg==: 1 次
50PKzgt6SA3tIejW4kddwA==: 1 次
50u2Iib80D6l0eFGvXmfIw==: 1 次
5107101: 1 次
5140060: 1 次
5150519: 1 次
51559: 1 次
5184712: 1 次
5201301: 1 次
5203116: 1 次
52DQo0QoH3WCRfwWQSczuw==: 1 次
5323686: 1 次
5399719: 1 次
53AAVJI2Yo2TeqfRN94r6Q==: 1 次
53gCmDLfpx2EI5eNCMmafw==: 1 次
53uZvoSxV: 1 次
53yjWgI4BekHlQs48B1iWw==: 1 次
5443848: 1 次
5447564: 1 次
5467523: 1 次
5472849: 1 次
553251: 1 次
5551574: 1 次
5581827: 1 次
55_years_or_older: 1 次
55Uiq+oyD6yxy6Txzh9+CQ==: 1 次
5637339: 1 次
569751: 1 次
56TXTxFS1vGMW0fTYHznig==: 1 次
5766719: 1 次
5769947: 1 次
5772822: 1 次
57DtThpNnxV+p90eNhSrBg==: 1 次
5814.html: 1 次
5834985: 1 次
58SqSSKfYhvjKeYi0GrDvA==: 1 次
592mPg10yzuMZsQCANtX8w==: 1 次
5A: 1 次
5A19J7zmhWllHwUPBqch9g==: 1 次
5A3QZ5t6FQjAD2OfNMx4sg==: 1 次
5A6BT50HT7csxuyXymvtUA==: 1 次
5aj7IOSuyB98eu7pHjw9yg==: 1 次
5aubecr8gfAnZWSsoZl2zQ==: 1 次
5AycokiQsuBZzZJ: 1 次
5b1: 1 次
5BF6HAe7bphIK0VZj+me7w==: 1 次
5bSOcrLXNlTXcKAL3JiGSw==: 1 次
5bVyJit8Q7ofTuAA6m0dgg==: 1 次
5BXp5u0onIoJrcyeTuDOMA==: 1 次
5d6QhArmJ4shOBxu7lZu2Q==: 1 次
5d7N7MQIP6: 1 次
5D9RT0HubvQpDftSN3jGkQ==: 1 次
5DEjEcCsFdRsALdzNAULzw==: 1 次
5DXYxYKJhUpzejQXkxSqHA==: 1 次
5eD1XQs: 1 次
5eL6qs97L5HMj7ohFC212Q==: 1 次
5Et4ka9IeJ: 1 次
5F6eYznslZL31Gv: 1 次
5FS6dyK4zP86iftvVXQ+qw==: 1 次
5ft55hT8xTS3IvPGV: 1 次
5H6SgyzaP6STCbCJURQi2A==: 1 次
5hh: 1 次
5i93iBOSdwQHP: 1 次
5IzSjrFyrfDZiGvrTIRdOA==: 1 次
5JaR6XuMHoI+uEyeRQZrgw==: 1 次
5JnP10: 1 次
5k3yDgnKrzXYSOF8sfrK9Q==: 1 次
5KzAEQU4aPsOJFCzgrenDw==: 1 次
5lJoR88w7Tu8fmP6bMu: 1 次
5NBwXShKqS: 1 次
5ntdE5u+ed7Kms: 1 次
5nVO0PCljgapDB83VdEKdg==: 1 次
5pDzskxGO0sIRyO13Qq1dQ==: 1 次
5pELtrMYzXJviBF0z55eSA==: 1 次
5pGs4V96OYy4K: 1 次
5Pxr7rc9L+4WurksVrdWlA==: 1 次
5Q+nQmC6sIlb455YxF5Scg==: 1 次
5q: 1 次
5S0du6G: 1 次
5S5hZiLizNHqlMqv62zIsg==: 1 次
5sh9wEEzvLiUdZTugkFFeQ==: 1 次
5SPwTtgNqgLQe5xw1apy1Q==: 1 次
5sV: 1 次
5u0rQUkz5M2vPV56ShNxBg==: 1 次
5upEpnu69gq5unUgZPrLHw==: 1 次
5vNiVpW: 1 次
5vogi3K7mqx278NrJ4vzBw==: 1 次
5VtIh5uQKcnmiDCZ4GdGTg==: 1 次
5xkgApidfB2w0EpHn0qyGA==: 1 次
5YmZvNeWKsf2zuCBP4l3Ag==: 1 次
5yNrYT56YLs563Kfuwi09w==: 1 次
5Z: 1 次
5ZbOW1nsW9Fw7JmBr0EVhQ==: 1 次
5ZGFyhbiNn8D2kMo5KHswg==: 1 次
5zm: 1 次
6+Cls5N4UhU81T1xNme8ww==: 1 次
6+KzJocTpvlye83zjk: 1 次
614Sjx02vY+TDPkLk4M+Rg==: 1 次
61tDTse7lGjWjaI8I8UHeg==: 1 次
61VD5JHIpbERc50: 1 次
61WCdgvnjQrYGAnVJgynWg==: 1 次
6201437: 1 次
628245: 1 次
6329759: 1 次
6591583: 1 次
65bVi2ByOAlRSv8+vcI0uA==: 1 次
6701640: 1 次
6727789: 1 次
6737038: 1 次
677761: 1 次
680669: 1 次
681l1YDUfXa7q54p1wWy2A==: 1 次
68xH8ZLZROeqVIkYMU93lg==: 1 次
69lDZvdU+vb2Duk+bpbmoA==: 1 次
6AIE: 1 次
6alQGzuEM+7S1zPNIel1lA==: 1 次
6aReBmpk02qqbAtNhuhFmg==: 1 次
6bEWVRKEYKfrwUJhgdJ4fA==: 1 次
6Blb1PoxwYgtpHA3kHDvjA==: 1 次
6C0LQgFAFcN3tfATd6H2LA==: 1 次
6cV8knOZxL6aq8Our5kAng==: 1 次
6CVFTGC6fGY7Ge6AYb8YKA==: 1 次
6d25e76400250300000000040000576700000000001094c300000000000000000000000100: 1 次
6Dd2CYXD+91yZKzi9EbHEQ==: 1 次
6EcUa1fVF02PSembhViQog==: 1 次
6eMgz93xRr7x2ZhTpVa1IA==: 1 次
6F: 1 次
6G3ieqIBQdI4OIOBAlkFpg==: 1 次
6gDWbsrlplM788sy8P2AZA==: 1 次
6Gkcm4FLMKO0dJ9yuLWF0A==: 1 次
6go5hltMFEVbvDEC8uttew==: 1 次
6GUiBsuF72QCqTxXDvxhxA==: 1 次
6hCP3mygUivkuas2TkeJEA==: 1 次
6iosW2tl3xy4OAlPAX5wOw==: 1 次
6jCJob7+xZDcnVuE2zf9Ag==: 1 次
6jmgroCNwMuEuGjl8KyElA==: 1 次
6jv+VNVVEwOXXBWm+lmq7w==: 1 次
6KF4I3kRnZXlmcvFD2GYLg==: 1 次
6kSb2XtNH7IsKDB5wSxA5g==: 1 次
6kTw0O: 1 次
6kuzene1ASPd3Q: 1 次
6L5C5xeMVl: 1 次
6LDi: 1 次
6LhtGQtVR1PL: 1 次
6m4+HumATZ: 1 次
6mIBbBXo571gcDoFPk6kcA==: 1 次
6MtdOlXOcEAeJ4M1F0: 1 次
6mudBC: 1 次
6N1XMhH: 1 次
6n9O7vJXYXJIXJpY6zxlsQ==: 1 次
6nKgpT0T516K9VtyuZQnZw==: 1 次
6NoA4i+BvPp7VfjSJx593g==: 1 次
6nS7eqtUiJgpuCyeG+Ey8g==: 1 次
6olyHm35UJY5TpCxiaAJ6Q==: 1 次
6OnAz5Rm0P9fZ4JQiWHc9A==: 1 次
6OtdwqBFdOEkz0t2EOQPEA==: 1 次
6P3vCEEWkLK9PFDR5EGOcw==: 1 次
6PBWDn9+cnJjJqOPghWVcg==: 1 次
6PgwpGCxD4I80ZQOTQS7ag==: 1 次
6pJ8NdZQR5PhJG1vXymrlQ==: 1 次
6Qc5o39cc+nQnOsHpkR8Iw==: 1 次
6rknqmbKkxqcDJFAtlUJ8Q==: 1 次
6rl3VkCEUOOBazKJdTKr6Q==: 1 次
6s+fvdaYBSiKpjhOAC5Wiw==: 1 次
6SERdWh2TKMXnMQVsmaTqg==: 1 次
6SIgLUQ4bYxIav: 1 次
6SNb8JoAyy6ImrX3JoA71A==: 1 次
6TutCob6A4bxjij6W54qtA==: 1 次
6U2d91ysYj1E48Yro1XVmQ==: 1 次
6u8aUmPMX1yTqLKDoGpLPg==: 1 次
6UtZ6MhLWb: 1 次
6uvFreSDsgBkXHwgARVbVw==: 1 次
6Ux0wLWDgGJeR6L34hPcpA==: 1 次
6VaWP9FkcowT+H6TP9V2Sg==: 1 次
6vs: 1 次
6vYiI5B6PnervW7wSMhRug==: 1 次
6w+5yr5Rb6ZvvBv+t9FsIw==: 1 次
6wbSU: 1 次
6xuNdV6Tm4NVfHLnCopnrA==: 1 次
6Y5bWIe4sivMo26lWdlJOg==: 1 次
6Ymojya67pG25kIUotBYg==: 1 次
6zKGb61idLr9E0DMPbOl9A==: 1 次
6Zs5ukgztLFpSCobMbJ+xQ==: 1 次
705752: 1 次
71Bc4r: 1 次
7278678: 1 次
73+3BQTG: 1 次
732: 1 次
7337342: 1 次
73APEwsemf2LH6fXX4txlw==: 1 次
73o08iiLjPEt1bj8uihp5A==: 1 次
73VW8Az2JkaZnV6GrOAM1Q==: 1 次
7400319: 1 次
7493097: 1 次
74v: 1 次
74VC: 1 次
75G4gR0VH037UC: 1 次
75ttTKj3WkntoAS1WUkv2A==: 1 次
7640540: 1 次
7653668: 1 次
768EkOYZc21coWZ7GIDy1Q==: 1 次
785438: 1 次
79: 1 次
7938304: 1 次
795Bt54s: 1 次
7abFe3mYzu+IabRtf1IUUA==: 1 次
7B5rBBrLHtwk50KvmmvBZA==: 1 次
7b90lzartpIyKzhz6gW+Ug==: 1 次
7BmymXMRdJ+I5HsnVkueew==: 1 次
7BvEgWjsOA+sX9CVVVNDvw==: 1 次
7bVmBnVrkjaEk7EWVP0YeA==: 1 次
7BZ7iNpeZgO1B7ybATKYlg==: 1 次
7cC96ZGYrL4onRRIoVQyqw==: 1 次
7CIGhusBMQGPmcEkq6N7XQ==: 1 次
7czLdtJeC8m2WgArZ05UAQ==: 1 次
7dHWrvCoL8MlwV8lQydlug==: 1 次
7f0cYTm6TwxXv3+NzxN0iQ==: 1 次
7gOWTdTRXI8q4bf: 1 次
7GPBMUhWbBvZVAJAUChv0g==: 1 次
7GwyGqBCA6j0e+xQtkPLcg==: 1 次
7H5a8zvFyIREFaZYUqQRVQ==: 1 次
7HlVdYiJu3bYn1mGH3zyOA==: 1 次
7HYwriYxDL0t2WGsSl: 1 次
7icwQgsSnUtVvHn4bwAaXQ==: 1 次
7jj9UlU22MCbAa5kirpV9w==: 1 次
7Ju7kZ: 1 次
7K6lhi8xaMN: 1 次
7KBHAXgnWslOXeOBlp7SMg==: 1 次
7kGq2rBD7vsZlro+N8: 1 次
7levkLVrbEzPJMWrUVRNkQ==: 1 次
7lprfGGUfcRZuob+YQga9A==: 1 次
7lXfZxF3Zqlr7Dd7wyomuQ==: 1 次
7M+HeakpkQf5UVsJwhkBJw==: 1 次
7MiMq0S+1uniddZ1T6JskA==: 1 次
7Mll0kon7AKCk42HHc9jrw==: 1 次
7mPd: 1 次
7nouOx32bmq4X39mR3qiLg==: 1 次
7Nq42YP3Wh5tdVr6IPSPQg==: 1 次
7NtCLxWLR6soyebME: 1 次
7nxXpswb+: 1 次
7o6X+E2z3NdI4++DsX3Lpw==: 1 次
7o9HTK6q0dTrsUUXcigtMA==: 1 次
7ObMcqtK53ch3YqIiD+BWQ==: 1 次
7oeAKdLZ2jnO2ykvJLW8tA==: 1 次
7oLPR3QhUDYErFIRcrhD9w==: 1 次
7OMjnc8COdaa8NzQJI+g2Q==: 1 次
7Pdcz9epOvlKWRsoJGF: 1 次
7PdSFqHCx896iiNVdCjfMA==: 1 次
7pRKy7TpJn0b2JGMCF1MTQ==: 1 次
7PwcxaY6ARplaGwjOvsbpg==: 1 次
7Q0G6qhj7rBnADggSRHpNw==: 1 次
7QudrUTcpI6lCyY: 1 次
7rfgQPcUKuRpGNRPRIDZew==: 1 次
7rpRsh5bXvAdFeyqhrsrVw==: 1 次
7RVd: 1 次
7S7W2: 1 次
7sHAlvaX9SHV3HAKABPKEQ==: 1 次
7t0lZg2MyPb89PXvmlkTaw==: 1 次
7tdTKKn8qLiyvertOUbQRg==: 1 次
7tQKCb5pdoSjtBHluCI+xg==: 1 次
7VGZoYhTr8+PnWESNTnbuw==: 1 次
7wsTMLtruc: 1 次
7x1vWPyibes: 1 次
7Xcx9iAszjLNuTeIB7DPDg==: 1 次
7xkPRenJI6k3l1WYmnpNgw==: 1 次
7Y7eCh2bH16RJsrXmHst7A==: 1 次
7YAjFcdvF1hkz05BEljkGQ==: 1 次
7yjI876rWMkiUC6a7Gemiw==: 1 次
7yn9jqJOkfY1WoO4c6fB2A==: 1 次
7ypoZk5kSAMzx2DxiXzEzg==: 1 次
8032926: 1 次
804371: 1 次
80zoibatip: 1 次
8136185: 1 次
8217.html: 1 次
821J4pkpB0S2h1Lg6el2Hw==: 1 次
8220685: 1 次
82bH+ZUCOFGLsITDIotWCA==: 1 次
82Lpzo: 1 次
82u51Rv3tfZwcwdSmXhsaw==: 1 次
8307472: 1 次
8340: 1 次
8349537: 1 次
8388361: 1 次
83j032DVEWkxwGsSZ: 1 次
8424083: 1 次
8431227: 1 次
8440141: 1 次
84x8M9U5h: 1 次
8589070: 1 次
858ZdPVwW8kLLlvtOdzsg==: 1 次
864n+M4bcIKvDXPK8JQCAQ==: 1 次
8678: 1 次
86dqZ8: 1 次
86U01S4: 1 次
86yAb1qaFMMHInEVKs35KQ==: 1 次
8729925: 1 次
87hJzIcoF8BAqmpReM2l6Q==: 1 次
87sf66Ga: 1 次
8809: 1 次
881: 1 次
8827: 1 次
8834: 1 次
8839L2: 1 次
8953426: 1 次
8994dq7FX+kMiiFpsc6ibA==: 1 次
89HWgk96jYDo7Vu4ROi8dg==: 1 次
8a3unGGaiSlieyrf+Zp8Zw==: 1 次
8a50LeG7MDtKVTDOgTnwWg==: 1 次
8ajDmKcwaDNHZmIIOppPRQ==: 1 次
8BNWFUCp20xt43pkT5UJSg==: 1 次
8bXhM8xxYHN0uHaiALxHFw==: 1 次
8C1qQXFlGIO8v0G8r48AKQ==: 1 次
8C1zgjnVtd4UeIEmAr6fgg==: 1 次
8cd0cdd10025030000000004000114470caa5cc90000000000000000000000000000000100: 1 次
8cSFLOiDqJ66oFeYVHSlVg==: 1 次
8DL: 1 次
8DtCeM2G6EodbiS4qFY+6A==: 1 次
8dZQQ4akEV91d8G5g: 1 次
8EI28D: 1 次
8euiRmfZmEZZYev6KLLOfg==: 1 次
8F6CTkxFXmrPFaVcIBuHoA==: 1 次
8fgNwW+9mrWR4ssuleH3Fg==: 1 次
8GK+bKp7dnDYBsrvskYUxA==: 1 次
8Gq79mHrfsphyq7eiI43PQ==: 1 次
8iG39vDXO15vFDFl: 1 次
8Ij7fsgqMD2mQ2NyF6wwAw==: 1 次
8ITasgGcOSZ8TqEMt3v6Qw==: 1 次
8j: 1 次
8JEfyUwZ8NtbP4vCXQylPA==: 1 次
8KK3GfciHOvqyEc0DgA: 1 次
8Kt: 1 次
8kxwnDqKVAsMFhexzgM: 1 次
8lLucAV6JOahts4FdpG+Vw==: 1 次
8MGNJCVJHaTA9qB2c25YuA==: 1 次
8nlEZjkHmyBTQv2DfYNZ5A==: 1 次
8Nsohpwt: 1 次
8NYUrwDIKijr9oZ8D60apA==: 1 次
8ocnae5otcIphVvZ: 1 次
8OLvHR7WF4wAVF98jmsUTg==: 1 次
8OtPKD6oRpUEQWFDhxj: 1 次
8oVbdt+5oUOVd9xXDjf6VQ==: 1 次
8PIsaOjgWgIsS8pAYtKelw==: 1 次
8PJNp3vpunvMHe: 1 次
8PJPLqkyrGnV7sC9AsC9tg==: 1 次
8PZk+On5cMwXiHo9K0YwUA==: 1 次
8QBUfknzWChbPOjxKzTeag==: 1 次
8r00H8KztxRi4QaejURGIw==: 1 次
8rcb64tIieuUOKZTyxxVDg==: 1 次
8RIWdcla29tFQibtwBGGLA==: 1 次
8rQXRN+ScKtSmp3m+DG2Wg==: 1 次
8SANxhRZjLAGuflcxFuw: 1 次
8sgAyeBqbn+3vkztijQrjQ==: 1 次
8sw3nzQFntatTF9AMLaB8g==: 1 次
8tcCbbu5FQ8uzLlvWzGSZg==: 1 次
8tfkckTMujQ130byjEIyIg==: 1 次
8TFsNbNoedGN1+Q0AgyaOg==: 1 次
8Tr390M5SSaGnQzPOoXTyA==: 1 次
8u+AbSMZ2dCjCEqQTBNxAA==: 1 次
8UAjtE+qd5FAMfmpP6a: 1 次
8ubaFiicydShTY+wyNtnFw==: 1 次
8uCG09m8Nwxy9HXutewstw==: 1 次
8uG8hojsqgzCI3ngMgP: 1 次
8UZ1uSfmQTlGJdB1Knthkg==: 1 次
8vdL4J60NB4dtWW0MKkUJQ==: 1 次
8voRpbFlEBOi6LVOfJ5: 1 次
8wiiwGvnvj5B3xHYyM0USQ==: 1 次
8wl1Bv8YUQazs5AaZxyO7Q==: 1 次
8XIAiV1qg8N9O3kD1fycdQ==: 1 次
8xkbH5iIXXazJt3yQu82bQ==: 1 次
8XRe+ZewvxpUdVStwyKHBQ==: 1 次
8xZoD0LbNRoFv8gy8km8pQ==: 1 次
8ycBKI+xeeT: 1 次
8yi: 1 次
8yXt3M8grYXXd1wG84+7: 1 次
9+CF: 1 次
9+tccn6Wk4IzWrFSTjClPg==: 1 次
9064238: 1 次
90A2neqYkFJN0DpdPSELkw==: 1 次
90idol: 1 次
9169349: 1 次
91LjZAUti7aA5T7tIKmyPQ==: 1 次
91lPqGm0SqXaCDDkK8n9AA==: 1 次
9220455: 1 次
9452879: 1 次
9560920: 1 次
9567095: 1 次
9572675: 1 次
95cQYtYQeCb4Nf4m7wpSkw==: 1 次
95sfANZLb5tWEI1NSxAJWw==: 1 次
96MovneCVAfgX86LYduBkA==: 1 次
9716446: 1 次
97CdPZiaUIcico3CVVJlPw==: 1 次
97tqQcIX2V1Rfui2zIU9lQ==: 1 次
9857902: 1 次
9890122: 1 次
9908689: 1 次
99cNiE1rmBH0u4t1xLGHSw==: 1 次
99xmI7XBhQAuClE1PZ5Cyg==: 1 次
9aa: 1 次
9bElSilqtDbaBrNzbfcc4Q==: 1 次
9c: 1 次
9CcDdbqYkdNREilYltfMfw==: 1 次
9cifLQFxHINUo6o: 1 次
9cQTJaalqAN3egN4Ew8i7w==: 1 次
9CYJxlaAvGgXAL+uoTohKA==: 1 次
9d: 1 次
9d6eLgNwOodC: 1 次
9dOWkOTS2cMTRmSIVUx9SA==: 1 次
9DpUrPzaAj4PLPJ2Imz+Qg==: 1 次
9dTIxt6FbtR: 1 次
9eOwVafZzmJb6odaPxl+1A==: 1 次
9Et9v0ZiL61vh+SoODWJSA==: 1 次
9EZ9Iw8EVJlfNPEQu+12Vg==: 1 次
9FAGALoHFrwS0+IMjQDyHA==: 1 次
9HlOArelQaS8+9vr65vyxw==: 1 次
9HX2VB4ftRQredGIQWvSYQ==: 1 次
9i: 1 次
9I52VsH7+Xxgt9HhK6wcQ==: 1 次
9iC1ZRK8EtuMw9mm: 1 次
9ICjuf1C3f0qcZkVJ0vbBQ==: 1 次
9iH: 1 次
9itdMV8dOYtimesWxVF: 1 次
9J8qZY5ed: 1 次
9jinwK+t: 1 次
9jN1xK+IN3lkUWw9DsXWBA==: 1 次
9Jx7Pd: 1 次
9K: 1 次
9K3qO5h+cRfzxDQnZjtFUQ==: 1 次
9K7yTPuGY3rBcJJs6VOQ9Q==: 1 次
9kHLiijyB+StDq2dfxdJVQ==: 1 次
9KLW9LpzotV39lgGXaKR1Q==: 1 次
9L8IWowaYpOf: 1 次
9LaOlRcXKRtCCmc: 1 次
9li0gYtpEA56PNzLrxY+: 1 次
9lnLCbreppYrBoNwGhwr4w==: 1 次
9MrtfLxZzaPY7TddE8xxRA==: 1 次
9N6Pq30ddHsgkShHwvSw3g==: 1 次
9NteaaWQ: 1 次
9nTLowsO8+asXCGDb0gdsw==: 1 次
9NvM4kltUDgQXErKMR3Gxg==: 1 次
9OvynKOB9HIqO8WcOth7TA==: 1 次
9oyXhihC8CgiJyVL: 1 次
9p9esLdkevL7Xa6C6S: 1 次
9PTLurX5bUYheKqLfMaNMA==: 1 次
9QlNmn7: 1 次
9quLdz5580ofqALDzoFJMw==: 1 次
9RvM0HUuNFDitNZ35ouEdA==: 1 次
9ryoXAwPQFcBEMjFVawllg==: 1 次
9rzNkZhRag3ZWo8YmdHRpA==: 1 次
9Su7zJ+gaPKBn0FuCRy3bg==: 1 次
9SY645OwgOcOWYFs73Gc+A==: 1 次
9UN89KDXYXveBn+xT9zsYA==: 1 次
9uslQus4sCUzv4lCnn3Kug==: 1 次
9uV68wigTXib4Y: 1 次
9V6fi1EaBVhyoTnmB1IoQA==: 1 次
9VFZDY3qzCZ4DBYhapYW5w==: 1 次
9vGPzUPt: 1 次
9WaUYJuPyqc8ANIQKGO9yw==: 1 次
9Wd3OXFSTzlSyY9C2CAD7g==: 1 次
9WdHKJRlpelKtPOK9QJbJw==: 1 次
9xS5NQEokEmjsvRdVxDQtQ==: 1 次
9Y3jWRKZRyBbTRTpDjHS8g==: 1 次
9YcAN00wStrbEjac1r8CIw==: 1 次
9yJA3wopNy2Ce+12LnBZpA==: 1 次
9z1ht1jZs02jVrXJsH5bQQ==: 1 次
9z6DMyeyGe0vWKgpzw1yMw==: 1 次
9ze7QOIXWWPCBKx2BILKyw==: 1 次
9ZodTGBIi95tdu6vCA9qGA==: 1 次
:: 1 次
:0.08: 1 次
:e.scrolling=: 1 次
:e.scrolling==: 1 次
:searchHit: 1 次
<: 1 次
=: 1 次
=20: 1 次
%3Fvrid%3D3b1d12ea478cbb52b11227e230db0256: 1 次
%5c: 1 次
%5C&: 1 次
%5Cnto: 1 次
_app: 1 次
_bind: 1 次
_classof: 1 次
_cof: 1 次
_collection: 1 次
_core: 1 次
_ctx: 1 次
_defined: 1 次
_descriptors: 1 次
_error: 1 次
_export: 1 次
_fails: 1 次
_flags: 1 次
_global: 1 次
_has: 1 次
_hide: 1 次
_html: 1 次
_invoke: 1 次
_iobject: 1 次
_iterators: 1 次
_keyof: 1 次
_library: 1 次
_meta: 1 次
_metadata: 1 次
_microtask: 1 次
_partial: 1 次
_path: 1 次
_redefine: 1 次
_replacer: 1 次
_shared: 1 次
_task: 1 次
_tools: 1 次
_typed: 1 次
_uid: 1 次
_verisignukgbpenstore: 1 次
_wks: 1 次
a+BUnOHAFNibW+jrvj2njg==: 1 次
A: 1 次
a0O1g+K2YnJLb7tRifarKA==: 1 次
A0Pq4B9VX9w6mLLaBxNSnw==: 1 次
a0SJRNnZH0RdXrDaQ9NSOg==: 1 次
a0X1e2+mUumwx8uLfEhi0g==: 1 次
a2eFVkRNOJ5JQyfLeqxzIA==: 1 次
a2IHJl+pfgSynd1Wapv5+g==: 1 次
a2y72yxEOqwGI: 1 次
A2zDlnGb5PMT3Zk7+mdRuw==: 1 次
A3D6YES9o83lwUgVYn1GQQ==: 1 次
a3o3DzQeVjtFkVcxXKSV0g==: 1 次
A448+ITtVa7+81nV6bxz: 1 次
A4ma5gw8LhmiMpJ64UIBLg==: 1 次
A5jRnWHfrJ8yjL9a28S3Pw==: 1 次
a5K7LGWhknbfk4jpNszSXA==: 1 次
a5Ls5qedmaYaeR0E9V0Iew==: 1 次
A5oSN3WWKbD0AiF2nv75jQ==: 1 次
A67TDDKqh73ULj7L3r8pbQ==: 1 次
a6FLg6rjkgg5twT6KC5obQ==: 1 次
A6Xh2nDOoA0AYev6hJMDOg==: 1 次
a719NAWd9GDLHwIk+Y7u6w==: 1 次
A7Ag4TDauqwmGuY9PWBrtA==: 1 次
A7PPAjRcMOijqafDO2vgow==: 1 次
a7qP1kaP6T+DDTu7vjUfig==: 1 次
A7ycy0WOs8+Z1uuD7aZw8Q==: 1 次
a85UCEO0GHMdcGEQDa6+HQ==: 1 次
a9+L: 1 次
A90: 1 次
A9QYyUtqF50VAA: 1 次
A9UAB4: 1 次
AaINgI9qGUAz: 1 次
aAWBFpuGvrPaenhJVr74zg==: 1 次
aAxNPVC2wDgQ: 1 次
ab8: 1 次
aba8iKBNjVHKBuzFv4OE2g==: 1 次
Abbeville: 1 次
aBBfBqe: 1 次
abc: 1 次
ABcmp3i9nOeWg6XoUgcl1g==: 1 次
Aberdeen: 1 次
ABgH4v8W4yFaNYCX5Qlg2A==: 1 次
ABGPeloaV3VMQyvGctMWjg==: 1 次
Abilene: 1 次
ABMBsGlePHU44kH7AjvPiQ==: 1 次
about%20us: 1 次
about.asp: 1 次
About: 1 次
about_TRUSTe: 1 次
AboutCEA: 1 次
aboutus: 1 次
Abyytl0tXsbEGSMnGAiiXw==: 1 次
ac: 1 次
aC1uKeav12yo4gt6uJoDow==: 1 次
AC1ZEN4CPt3Og1jt8WnAfw==: 1 次
Account: 1 次
acEAhQGcVDn7sKqA9c9zyQ==: 1 次
aCEEEIyPccd4LiYsarQjoQ==: 1 次
acer: 1 次
AChtXjVLmTJI18EnY4VIzA==: 1 次
aCM+2oZ6mlc2CwBluZRGgg==: 1 次
ActiveHotels.com:: 1 次
ActiveTrainer: 1 次
activity: 1 次
AcuZyiKtb5plOSDV3RCs0Q==: 1 次
AD67i5Rr8BSETz+Du4RdIg==: 1 次
AdCredit: 1 次
add: 1 次
Add_a_Rental_Car: 1 次
Addison: 1 次
Adel: 1 次
adlink: 1 次
adlink%7C3.0%7C954.1%7C12149990%7C0%7C2656%7CADTECH;loc=300;alias=help: 1 次
admin: 1 次
adMRdDKWfPMMRlZpnzpaxw==: 1 次
ADo: 1 次
aDRANYRV+nJSEmXPeIwt7g==: 1 次
ads: 1 次
adults: 1 次
Advantage: 1 次
advantageprogrammar: 1 次
advertise.php: 1 次
ADYJWYrAP0XIZV7TKJ9QbQ==: 1 次
ADZKjB15NdgceYsL9yMxug==: 1 次
ae: 1 次
aec: 1 次
aeEM5HFmfe+FTkiPu9faYg==: 1 次
AejftGewWd04rBWXi8WYFg==: 1 次
AEL: 1 次
Aepcw0dxNwga2hrIbGb0pQ==: 1 次
aEpdl7+4VIioUQZFPZLakA==: 1 次
aePVTs+JnRxeqBWcl+YSCA==: 1 次
Aeys5wjty62JAzF4pdkqyQ==: 1 次
AEzEPybRFYl+j: 1 次
af: 1 次
aF58zLlLN8rvEOx4VnjtrQ==: 1 次
AF5vLXc3EHtULfA0s0iNqw==: 1 次
AfAp: 1 次
affilaites: 1 次
affilaites.asp: 1 次
affiliate: 1 次
affiliates.asp: 1 次
affiliates.priceline.com: 1 次
afjDlQpMTy: 1 次
AfR931r6m2YyxREnHvWDEQ==: 1 次
aFvzc+ZKH9o4RiK5BrmqSg==: 1 次
AfXWT1H59fa870f9Ebw21A==: 1 次
Afzslqz5JpgybgBaC5O0eg==: 1 次
aGJDixYwVQe57FFUnXQibw==: 1 次
AGX4DMcGShUylEBDjaxBlg==: 1 次
agxosFT+DsjMwV8gNPdB7Q==: 1 次
Ah: 1 次
aHj: 1 次
ai854doga0MUzrx8oSbYBQ==: 1 次
aics6TBHvGyGdfu2Mlr2yw==: 1 次
air: 1 次
Air_and_Hotel_Departure_City: 1 次
Air_and_Hotel_Rooms: 1 次
Airfare: 1 次
airfares.cfm: 1 次
airline%20tickets: 1 次
airline+ticket: 1 次
Airlines%20Arrival%20City: 1 次
Airlines%20Departure%20City: 1 次
Airlines%20Departure%20Date: 1 次
Airlines%20Return%20Date: 1 次
Airlines%20Tickets: 1 次
airlines.priceline.com: 1 次
Airlines: 1 次
Airlines_Arrival_City: 1 次
airlines_date_departure_CTL: 1 次
airlines_date_return_CTL: 1 次
Airlines_Departure_City: 1 次
airlinesTab: 1 次
AIrrcHdab1fJmm4e+4zMPg==: 1 次
airrs: 1 次
airsplash: 1 次
AIyP8EJysWTMA4bZnkmdXg==: 1 次
aj9LxgKfo4DroZzO+69gNg==: 1 次
Ajax: 1 次
Ajax|: 1 次
Ajax%7C: 1 次
aJB8NYhkT9HvFztcqSD: 1 次
aJeRTsKQSsmEJNv1Cap5DA==: 1 次
ajncgbeJufzrTW+vCOO5A==: 1 次
AJPMWudBiZx4AEXcIm: 1 次
AJQccTfX3nbadqWA+nBr5Q==: 1 次
ajYGBnipra9P1KrU4qPMKw==: 1 次
aK6gEAd: 1 次
aKigxPHhlHpeEq+9klZvwg==: 1 次
Al8: 1 次
Alamo: 1 次
ALB: 1 次
Alcoa: 1 次
alert.base: 1 次
Alhambra%7C: 1 次
ALKDkp81k9oyS6ZB6ECVDQ==: 1 次
all%20inclusive%20vacations: 1 次
Allen: 1 次
Allen_Park: 1 次
Allentown: 1 次
allyWebClient: 1 次
Alma: 1 次
Alpharetta: 1 次
alternatives.base: 1 次
alternatives.child: 1 次
Altoona: 1 次
am+j4RKjao4hO5I2jrdBQw==: 1 次
Amarillo: 1 次
amazon1984: 1 次
AMgnYC99y5VmhJVIrGeJHA==: 1 次
Amherst|: 1 次
Amherst%7C: 1 次
AMi2HEX19lLV2Mr: 1 次
aModA9nIutKspaBLKkDbsA==: 1 次
AmRRTVgJ4e3zOa+C: 1 次
Amrx: 1 次
AMY0jOPTlZfS3cGzgI510A==: 1 次
An155LBApRvgBdttOuTWRQ==: 1 次
AN1mlwrzoCqyNHgol5MDlw==: 1 次
An4dHqwmmMV34rchEsPWcg==: 1 次
Andalusia: 1 次
Anderson: 1 次
Angola: 1 次
aNhnZvycUN5t1k7IS5MefQ==: 1 次
Ann_Arbor: 1 次
anncon: 1 次
announcements: 1 次
AnpcR7npLU2ikB2HEu4DiA==: 1 次
ANUCrByr3mjV1ogiSFCv: 1 次
any: 1 次
any.empty: 1 次
AO7: 1 次
aOc3itooa45+0Ue1wgaenQ==: 1 次
aol: 1 次
aP+XJA9uk1dSwuia2Z3urg==: 1 次
aP1Dpu3IUu3moEO7rhtcJQ==: 1 次
Ap4ohjC: 1 次
aPFq09BOSA7dcX0tuJvg3A==: 1 次
apIq7fYXhjSo0jA7GgO+oQ==: 1 次
apk5aR5Fd9sfLcsqe3uYGg==: 1 次
app: 1 次
appeal: 1 次
apply: 1 次
apprentice_popup.asp: 1 次
appserver: 1 次
ApsvoXElohjwCrF6Qs8WDw==: 1 次
AQ78WCXtmAqWG+xAxVstcA==: 1 次
AQ98itOH37bp13q7BQuzJQ==: 1 次
aqb: 1 次
aqdmMYzDlCtCgQ9hZY6fNA==: 1 次
AQUoBiWjrttJJIft21XwMQ==: 1 次
ar: 1 次
ar896KbuDCtTm7JllwCGvw==: 1 次
arCa2wlVH+Et4KSNay: 1 次
Arcadia%7C: 1 次
archive_091: 1 次
Ardmore: 1 次
ArH0kHfXHoSwGUecYhkkng==: 1 次
ARIFkclkh8ZISe9c3iQ: 1 次
arizona: 1 次
Arkadelphia: 1 次
ArLCjq++fVDfuewmGRbUJw==: 1 次
Arnold: 1 次
arnslIpRY26ctRl+xfTnwQ==: 1 次
array.base: 1 次
array.max: 1 次
array.min: 1 次
array.ref: 1 次
arrivalLocation.type: 1 次
art: 1 次
art_history: 1 次
Artesia: 1 次
article3338.html: 1 次
articledatabykeyname: 1 次
articles.html: 1 次
As600zk81KN4HhbHylnuGg==: 1 次
ASbpPOUVKabS6uuS61arAA==: 1 次
asd: 1 次
asdf: 1 次
asdfa: 1 次
aSDpc6onClCunTOEozWUWQ==: 1 次
aseigo: 1 次
ASglKRSL+EctPZuGjKSpVA==: 1 次
Ashburn: 1 次
asia: 1 次
askmen_com: 1 次
aSmfo8Gbj98kOoC0gwvwCQ==: 1 次
assign: 1 次
AssignableDisposable: 1 次
associate: 1 次
AsXIqnpAe9: 1 次
At5K: 1 次
AT5xNgtT+vbAD0AGHmiTEw==: 1 次
atFibgw7YGRwUKrqifuuJg==: 1 次
atmiSS4Hx1AF78EPwxGv9Q==: 1 次
atom.php: 1 次
atoms: 1 次
ATPFlNu68cXOBRnZl4KYbA==: 1 次
AU: 1 次
AuburnHills: 1 次
Auburn%7C: 1 次
auFG8vduqMWaLTH3w4YvpA==: 1 次
AufLCqjHRtMov1bDmJFbWw==: 1 次
Augusta: 1 次
auNBYfFjjJnjM0Uh5BmS1A==: 1 次
Aurora%7C: 1 次
auto: 1 次
AUuDCLnI31RSDYfnejVFqQ==: 1 次
Avalon,: 1 次
AvGR+y: 1 次
Avis: 1 次
AVlJjHEsJj6A55+BsHq7: 1 次
AVw9mjYyxYK9yAXDMNG2Dw==: 1 次
AW0sXa+H3b0E1u1: 1 次
awalton: 1 次
awards: 1 次
AwfTaDmMKWfbn9+zgDiI4Q==: 1 次
awiJM1PqLHKMzHEOBgLSkA==: 1 次
Awk3Jc3x9pJhBlw2OOHGrQ==: 1 次
aWKUUbGpkFdtlC+xlH6IAg==: 1 次
awo3InY0nJFfdxpXgo: 1 次
aws_2005: 1 次
awuZWFX27A7KEAdRImD63Q==: 1 次
AwxpcreqhX+VOLgQbiUyTw==: 1 次
AXCemgWSix28Hkl1pejK2Q==: 1 次
Axcn1Z1SNPI66ib3bQhY: 1 次
AXDWts7046YqwzhajlPfqQ==: 1 次
AxEsEl0kjm3MV7Y4HqRLpg==: 1 次
axgQh8+cKTzl6YFxgBQXXg==: 1 次
AxpyFLD8ilrOZG0FBJMxDA==: 1 次
AXvll4vT3VU2r77RETbAjA==: 1 次
aXztKUZm13j+4ZbzV8yOOQ==: 1 次
AY0ycXsTz0U5snpigkmg: 1 次
AY5SFtxRjLY6nhSbWtbRtw==: 1 次
aYCfqbEaP9Tm5WB1gTDZWw==: 1 次
AyhBsdWMNjMPR0pZMN5Qmw==: 1 次
ayTeqmnEnhls9TJ2jxH7FA==: 1 次
az: 1 次
aZe+iPADW9i3Uy0dM1RhPg==: 1 次
azmqOi6wrzRotyYIdkQ96Q==: 1 次
aZzflOkcRIK0EdPNGvytRQ==: 1 次
B+QFM4Lao8UXgKIhKMy5mQ==: 1 次
B+XeDNReazht1gTSOm6xGQ==: 1 次
b02UPf7kEoAYv: 1 次
B053e+aRkAJ8nEkUy+SJCw==: 1 次
B0d7ar5BYcWMfmQGIeXGgw==: 1 次
b0Fkr+TaBO8hGATGLiCvug==: 1 次
b2HKn9uYqxXDbUzTMrBzSA==: 1 次
b3EQHrTqNXUOWYJDdFNupw==: 1 次
B3RlHSaXTAMRHP34f: 1 次
B42SzHI: 1 次
B4eOSG2IXzCBkmGR8yrmoQ==: 1 次
B4JLz9QAsYxmWsbsPB4MyQ==: 1 次
B4rK68iXU7L: 1 次
B4uzu3: 1 次
b5fNbMqwNJ7kSfYQxivBag==: 1 次
B5stuHYMYSjnVbXntYVYxg==: 1 次
B5TvNa6ObYme: 1 次
b6+eQhlxcPNgY2Vs9HVaAQ==: 1 次
B61sXHordlqUeTYDg91Gig==: 1 次
B6BMd: 1 次
b6Rv75tHKCw+lXn: 1 次
b7: 1 次
B7ygRyOjE+nX6CL: 1 次
b8u: 1 次
b8W7nQHWqk4WASDB8F: 1 次
bA: 1 次
bA8wbUQKlO55y39G8qEMeQ==: 1 次
backend.php: 1 次
background.base: 1 次
background.dark: 1 次
background.light: 1 次
background.text: 1 次
Bakersfield: 1 次
Baltimore: 1 次
Banner_Elk: 1 次
BaojA9kCa01rMIYTLIAAug==: 1 次
bar: 1 次
Bardstown: 1 次
BaS6qoYf: 1 次
base: 1 次
baseball: 1 次
bat.lvl: 1 次
BattleCreek: 1 次
Bay_City: 1 次
bb: 1 次
bB0MJ7qXxUV0LM3E6O4xwQ==: 1 次
bbcTYrKCMG8jacx: 1 次
bbLOdj5YnK4EB+JfsfQn0g==: 1 次
BbnEmQq116KAfe2kVGK+TA==: 1 次
bboard: 1 次
BBrb2yjokUh33vOSqwsyMg==: 1 次
bBweFQnuq: 1 次
BcbbDnVQtbv4MGGvevPJAQ==: 1 次
bCyrWx5M8ARXFl5JezBNLQ==: 1 次
BDSBoK3hb: 1 次
BdV5Cr63pvU12KRTy9s3Uw==: 1 次
be: 1 次
BE+1r7vH1OAmTjFRBLuMbA==: 1 次
BE87KF7+zsMiP4jSZU91Lg==: 1 次
be_a_part_of_the_show: 1 次
Beach: 1 次
beacon: 1 次
beauty: 1 次
behind_the_news: 1 次
Belen: 1 次
Bells: 1 次
Bell%7C: 1 次
benefits: 1 次
Bensenville: 1 次
Benson: 1 次
Benton_Hrbr: 1 次
bEpgZAmO+AcY8aCGlD0D3w==: 1 次
Berkeley: 1 次
bestanalysts: 1 次
beta: 1 次
Bethlehem: 1 次
bExiFXO3A9IKCWpU: 1 次
bf+Q0xmSoai7PJICYCV6AA==: 1 次
bf0E+E: 1 次
bFIUmAxucxYFFqGtq2z+IQ==: 1 次
BFiXWIhcmyxu: 1 次
bFrQwtxq9Ybp+voQunGEEg==: 1 次
BFsW: 1 次
BftduFGpWPv8GBY9PoI8: 1 次
BFvobH9mQSMX1k6sDNJn6w==: 1 次
Bfyf+5EbxZ5OD82+cwIyDQ==: 1 次
bFZFWzviG3yg232mV+HauQ==: 1 次
bg: 1 次
bgdY+qh1Av+skT7gh54zGA==: 1 次
bGdzxqPUyVEZDcZxB0sY9w==: 1 次
BgmxAWRSSYCM9vJpQBMF: 1 次
bhX9FYV7vuxww9xrx6a+kQ==: 1 次
bi+5efjVFU+wf5CWpbqtNg==: 1 次
Bi2A9CTaKs9Of5iIWOXUbw==: 1 次
Bi9fMglT8jXP+aAHZfoyiQ==: 1 次
biansuqi: 1 次
bid_air: 1 次
bid_htl: 1 次
bidforhotels: 1 次
bidonairfare: 1 次
bidZ4E57r3zRghCa7dZ1RA==: 1 次
biEe47uipQNCtVvZU3ey2A==: 1 次
biesu: 1 次
bigdealdays: 1 次
bijiben: 1 次
BIK6NVh8bBKuPNrl34k7iA==: 1 次
billburr: 1 次
Billings: 1 次
BIMw25OWn+R3f8oRUAo7XQ==: 1 次
bin: 1 次
binary: 1 次
binary.base: 1 次
binary.max: 1 次
binary.min: 1 次
bind: 1 次
Birch_Run: 1 次
Birmingham: 1 次
Bisbee: 1 次
Bishop: 1 次
bIWOyNu: 1 次
biz: 1 次
bjbSfCeExVlYr7XHepAQA==: 1 次
bJBwoHTZx4FxvenGz9fIMg==: 1 次
bJMwjRGF4okNpsIWHE7fkw==: 1 次
bJYJj4YObHdi9UtoYh11Cg==: 1 次
BK4Pjb2EZYuLSrAvQkVLig==: 1 次
bkng: 1 次
BkQ+w5wI6RxaORyRajOOKw==: 1 次
bKWqQ64ffZZ+WdCasV2xfw==: 1 次
bL8nnEKoQxZ3Qq1XTgbC7Q==: 1 次
blackfriday: 1 次
blank: 1 次
bLldEadChkoyX8nid3Frdw==: 1 次
bLlS6UjAeHfF9l1pGz7A4w==: 1 次
BlmUjU+6d1ijj3DKBcHhhg==: 1 次
blog_this.pyra: 1 次
Bloomington: 1 次
BlPj1D5zLAiXtluIKV4RYQ==: 1 次
BLRgKj4QJvRL5ZwGTAJawA==: 1 次
Bluefield: 1 次
Bluffton: 1 次
BlxdUw5HeW0wbQcyCIT1ow==: 1 次
Blytheville: 1 次
bm: 1 次
Bm89jCyXI0xTu0V7jPnqIQ==: 1 次
bMnzph5cin8uk4vZ2gxyeA==: 1 次
BmXHxnP5h649jXq5ljF5eA==: 1 次
bn: 1 次
bn9of6k7n4d6mSwN: 1 次
bnCMjlS7X8b1B1r1p: 1 次
bnmM5K1NGa9o3ci6Z6XAfA==: 1 次
BnOvSEU95bL: 1 次
BnRxfgGRHNDr8MFApNYPew==: 1 次
bnZ05jr58c90l7M3nMTig==: 1 次
bo: 1 次
Boca_Raton: 1 次
BOFqPzQbZxDnrAk1TOckdw==: 1 次
BOM3f5a7xtD9UEZii+jLKw==: 1 次
bomB: 1 次
Bonita_Spgs: 1 次
Booking.com: 1 次
booking_box_tabs: 1 次
bookingTC.do: 1 次
booklink: 1 次
bookmark.php: 1 次
bookmarks: 1 次
books: 1 次
boolean.base: 1 次
border.base: 1 次
border.dark: 1 次
border.light: 1 次
borderRadii.lg: 1 次
borderRadii.xl: 1 次
boredandblogging: 1 次
Borger: 1 次
BossierCity: 1 次
boston1.asp: 1 次
boston2.asp: 1 次
Bothell: 1 次
Boulder%7C: 1 次
BOV5VKUyACjlueZsQWBabQ==: 1 次
boyslifemag: 1 次
BP0gQIQP1vlUrwEyqbTFJQ==: 1 次
BpAA25WFgyJCgRylomZz2w==: 1 次
bpdjGSOMKDDgNCwtDKF18w==: 1 次
BPH0Jm39Q791Uf7+fxKE3w==: 1 次
bpqf9hD5EYlzk8YEDoZKDA==: 1 次
BpSym0AycEh+4gTGmvZJTw==: 1 次
bpXDLKM9Y4ohlkByZjrbrw==: 1 次
bQb6SmrCn6gQhgsMZFCmhA==: 1 次
BqfMy0LuQ5dAwSaukOm25g==: 1 次
bqjJYhXGhNWrsREeAfTKZQ==: 1 次
BQOjK1f7nlp3SvuZTSp7: 1 次
bQPbvHtlEsSEFmZpQrhpkQ==: 1 次
br: 1 次
Bradenton: 1 次
brainshare: 1 次
breakingnews: 1 次
breakout: 1 次
Bridgeport: 1 次
Bridgeton: 1 次
bRjzExeHqXqT3DTKj3W1hg==: 1 次
Brookfield%7C: 1 次
Brookings: 1 次
Brownwood: 1 次
browse_by_category: 1 次
browser: 1 次
BrowseSuppliers.aspx: 1 次
BRr: 1 次
Brunswick%7C: 1 次
bRy1IOOzI33z: 1 次
bs: 1 次
BS: 1 次
bs3Acqei1WVeZ1cR1ogYOg==: 1 次
bsA7vc: 1 次
bSjzMttS0Goq0wHni1PX8g==: 1 次
BSMG8kqcTPLEA3qgazUTGA==: 1 次
bT0pzZJwIKF3ZPhYuftNXw==: 1 次
bthSpG7Gr5xVVLPgByOKZA==: 1 次
BTsOhVGkN8t25HE2eUEUvQ==: 1 次
BtsquGBjnTQ8Vkx2zrlEyw==: 1 次
bUaOtdJyCiQtd+4LAW81Hw==: 1 次
Buckley: 1 次
bUCq02OvQa6zl2TWxH4qMw==: 1 次
Bucyrus: 1 次
budget: 1 次
BUDP8rvskPUmOxz6b4cfiQ==: 1 次
buEedThHEXnXvGpj9CzXiw==: 1 次
Buffalo%7C: 1 次
bugs: 1 次
BujziKX4Wn1tSHIR6y5RGw==: 1 次
BullheadCty: 1 次
BuQSMp+Uxul3yPq52rSDMQ==: 1 次
Burbank: 1 次
Burlingame: 1 次
Burnsville: 1 次
bUUIf+NFVOmkBtihHKuYoA==: 1 次
buYq0lRLDTCtxwCVP5kdGw==: 1 次
buyticket: 1 次
Bv5Kv1OR0YDuDk1aTXdHdQ==: 1 次
bvcUBKpkuaQf2H3VrTnKxA==: 1 次
bVlrSjQV2PXcXD1M66l8ew==: 1 次
bvzfscnP58sZuwZoKZU32w==: 1 次
bwfeCVwyhYihKU7qaI2skw==: 1 次
BWvzq0: 1 次
BX: 1 次
bX0n+iORgt95Vg47FVm: 1 次
bX5FRl6zZ1RbfkuRtPuwAg==: 1 次
BXeLIuri4XMUzCTfctCLVw==: 1 次
Bxv: 1 次
By+Ie1l8S1FdrIrtb7Nytw==: 1 次
By08TfewJmlxOmXHej1n7w==: 1 次
BY0Ze7NnujE0: 1 次
By6E4pq5E+xAalx2HeHbg==: 1 次
BY8oH9C+BULt3OYIGPSQrw==: 1 次
BYAWaFcHP0riaFS4hrEoIg==: 1 次
BybxCJjA53DQ+BbkGnlr1g==: 1 次
byDaz: 1 次
BYKGe4l62z4iy75NEfFlAQ==: 1 次
byMY26aN+UUP08mxTsgopg==: 1 次
byt: 1 次
BYu73Ktq9hF42P6KtVWzgQ==: 1 次
BZ5Ia55OvAzd6QqON1Yimg==: 1 次
Bz7JBGq: 1 次
c+4sA05LxVtkxwVWXXbMoQ==: 1 次
c+6ybUHNHOu3gAw8ji7p7A==: 1 次
c.cgi: 1 次
c.fid: 1 次
c.tti: 1 次
C: 1 次
c0gBX: 1 次
c14940030025030000000004000114470caa5ab70000000000000000000000000000000100: 1 次
C1cd824jr5wFMTug75oB2A==: 1 次
c2ee92M1sb6uOs0+2R: 1 次
C343kz0v5X46YbEGYktzXA==: 1 次
C3A8qQgjkfpX9vbqsKM2Bg==: 1 次
C3KFffR: 1 次
c3lTAaBJbZFdwm3BqxrUGA==: 1 次
C3Tr3MvS7f: 1 次
c3vGVguvJmJSyHevzqG8Nw==: 1 次
c57sY: 1 次
C5Hx1U+TLcY4LcafGXkAzw==: 1 次
c5k: 1 次
c5PjNAZGz61rbeLltuX41w==: 1 次
C5pZDn9: 1 次
C5wlFOoyp: 1 次
c6: 1 次
C6bRoLxoqlYiSxLzZx: 1 次
C6yrrZRnK5Ym: 1 次
C70i8QIwFBa7hkJQrHt6Ag==: 1 次
C76loo9: 1 次
c7A8G1vQjMRaliB87kFRwQ==: 1 次
c7FwMLP+jVan1NxEJmZokg==: 1 次
c87nLGNiVY88CaVESodJzA==: 1 次
c8kfMBjwvxUmv: 1 次
C9voxhbtEzGo7Q7KW1Pv8g==: 1 次
ca: 1 次
cA1PU2Pf7lPInbKYgftFHA==: 1 次
CAHK9O2o8GzeAOvt5sleBQ==: 1 次
caipiao: 1 次
cakephp: 1 次
Caledonia: 1 次
calendar: 1 次
Calhoun: 1 次
called: 1 次
calvino: 1 次
Cambridge: 1 次
caMc9KdLFraykaV8edFAeA==: 1 次
Cameron: 1 次
Camp_Verde: 1 次
CampaignHandler: 1 次
can_the_moixa_sphere_live_up_to_the_expectations: 1 次
candidats: 1 次
capitolhill: 1 次
car.home: 1 次
car.list: 1 次
carbon+steel: 1 次
card.webp: 1 次
carfreebies: 1 次
Carolina: 1 次
carPickUpLocationObject.type: 1 次
CarRentals: 1 次
carrier: 1 次
Cars: 1 次
case.title: 1 次
Castroville|: 1 次
Castroville%7C: 1 次
Category:Wikipedia: 1 次
cau: 1 次
caution.light: 1 次
cavalcade: 1 次
caw_orderhandbook_bulk.shtml: 1 次
caw_problems_dont_giveup.shtml: 1 次
caw_problems_small_claims.shtml: 1 次
Cb2aSt0wXqaUiGLtjGcmWQ==: 1 次
cBCzRJraLMM: 1 次
cbebcNFFSMjSE8mMM6bHTQ==: 1 次
CbmSCIQdO4Hs7QvKIG0cTA==: 1 次
CbQHfSH+e6qjmB0SqPyw: 1 次
CbTgxYbIczjhzXzdfz30wA==: 1 次
CC6c+OJel6B7bS5Z91Dn6Q==: 1 次
cCEKO11GWBlGhGotfYNGaA==: 1 次
ccie: 1 次
CCm7r745JMBhUSyUTrOzuA==: 1 次
ccpa: 1 次
cd606PvOk8oJIYvbSqJqaA==: 1 次
cd7FCLvwcTSNZuwKFqRo4g==: 1 次
CDJ6YV: 1 次
cdSTcEsa37BBkfHAcqS4Cw==: 1 次
cdUz1p16JkgHkzp8N: 1 次
CDVfyPiji950: 1 次
CE2Qa0FUVDY6sKhn1hgP8Q==: 1 次
Cebu: 1 次
ceC: 1 次
Cedar_City: 1 次
CedarRapids: 1 次
CEGZJiev0CDUwSSvwwV0qA==: 1 次
Cerritos: 1 次
cFC2YWguvRFYBHKN3BSxOg==: 1 次
cfOtt9dTxhT5JTCO0oH: 1 次
CFyUv1SoB7Q8MvD5GmDMDQ==: 1 次
cfYZjhO8m3dUkUbf6cIxoA==: 1 次
CfZH8nvCGTqkJTaW0cDGRg==: 1 次
CG8VwmMXTIenpd3uUL0bbw==: 1 次
cGCBC0roIaC: 1 次
cgDxEvoVT: 1 次
cggQ40SKF88vk7oRKCxmFw==: 1 次
CgPlnG: 1 次
Cgs4Q1I0lc5iU7uR6M0lg==: 1 次
CGUC887wiiiK6iWHlyOVxA==: 1 次
cGx6CUNAOCXMgtI8MnuG3A==: 1 次
Chantilly: 1 次
Chariton: 1 次
Charlevoix: 1 次
Cheboygan: 1 次
checkin.asp: 1 次
checkout: 1 次
checkpromotion_detail.asp: 1 次
checkrequest: 1 次
checkstatu: 1 次
checkstatus.: 1 次
checkstatus.asp: 1 次
checkstatus.com: 1 次
checkstaus: 1 次
checkstutus: 1 次
Chesapeake: 1 次
chicago2.asp: 1 次
children: 1 次
childrensplan: 1 次
Chimneys,: 1 次
Chinle: 1 次
cHK6175QcXGU0Uvw839xOA==: 1 次
chrome: 1 次
Chrome: 1 次
Chtsbd2eW9EidUlLZZnxtw==: 1 次
chuangye: 1 次
cHUg5cUf7ZsgZaDmrapj5Q==: 1 次
Chula_Vista: 1 次
CHv4XBDhSkEI9HnHBDVejQ==: 1 次
chvPpwniP1vDyuA9CGkp4w==: 1 次
Cincinnati: 1 次
Circa39,: 1 次
citations: 1 次
citySearchList.do: 1 次
cIueC1KSfGHykpMOyv+aUg==: 1 次
cJ: 1 次
Cj6tteNuXnki: 1 次
CjHjEreBWia55+cH1WOOIQ==: 1 次
CjLRYh6EvfAzx3KfdZfw6g==: 1 次
CJs: 1 次
CjzP9hYGWl1s9X5ez0joYQ==: 1 次
ck8fGMz8d0gZN1O3zkapsQ==: 1 次
ckk4WHfOiEypaUtOvCQBsA==: 1 次
cl: 1 次
Classic: 1 次
cleanprint.net: 1 次
Cleveland: 1 次
CLfYHs4hbQuTnaSDSterGw==: 1 次
clgtCShNT905H6zqhw: 1 次
click: 1 次
click.fb: 1 次
click.linksynergy.com: 1 次
click.specialSubmit: 1 次
cLJYpSKdbb4IfitgsmvnIQ==: 1 次
ClrH3IKWGdp0COxqtLhmvQ==: 1 次
clSTOQSTZX45VBcgVJR7OQ==: 1 次
Clute: 1 次
cLyPS3KoaSFGi: 1 次
Clz5sMDOvxTFD2Q28cpdAA==: 1 次
Cm9ab6LA9ipCYbMYZubX2A==: 1 次
cMg7P9sLUnfOqCNVsAquwA==: 1 次
CmkyCdiKxafc99UlsvMA9g==: 1 次
cMkyRdHL87R: 1 次
cmLtmonCa1UTjZSrzrzeDg==: 1 次
cmWshZJcqxc3HuqckjpVyg==: 1 次
cne2ESQc2ASs76mQBydqNA==: 1 次
cnXw0j68VPolyAVlOerwSA==: 1 次
co: 1 次
CO8s9pgkV+uFcMOvxYCe8A==: 1 次
Coalville: 1 次
coccinella: 1 次
code: 1 次
CoemHfLAuBGD04aHUmiHvg==: 1 次
cOHiw85AdyVeqnsusqgcWA==: 1 次
Cohoes: 1 次
cOiJonInNLKjl2S4e9+JPQ==: 1 次
cOJAyfXq5tFLZFSU+9Cncg==: 1 次
collections: 1 次
collegefootball: 1 次
collision_damage_waiver: 1 次
ColonialHts: 1 次
colophons: 1 次
coloringbook: 1 次
colors.blue: 1 次
colors.dark: 1 次
colors.gray: 1 次
colors.white: 1 次
com: 1 次
comedy: 1 次
Comfort%7C: 1 次
comics: 1 次
Commander: 1 次
comments.rss: 1 次
communications: 1 次
communities: 1 次
compensation: 1 次
Condo: 1 次
Condon: 1 次
config.sso: 1 次
config.theme: 1 次
config: 1 次
confirm: 1 次
confirmation.asp: 1 次
consent: 1 次
consumers: 1 次
Contact.shtml: 1 次
contentsearch.aspx: 1 次
Cooks_MI: 1 次
coping+stones: 1 次
copyrighteous: 1 次
Coralville: 1 次
Cordele: 1 次
core: 1 次
Corolla: 1 次
coronavirus: 1 次
corporate: 1 次
coRpuCNYYAQR+U: 1 次
CoSJShEz5QpTM: 1 次
cosmos: 1 次
Cottonwood: 1 次
Cou9tfzVsvGQPRZ+RC: 1 次
coupon: 1 次
COVmMOCYpdeKuuD4L6fFaA==: 1 次
cp.php: 1 次
cp: 1 次
cpCQDpPP: 1 次
CPI3BgxlgEA2BmAXiUCD6Q==: 1 次
cPsYoYyllMEnOXvkH8gYYg==: 1 次
cpu.cnc: 1 次
cQL3I: 1 次
cqqpSVbS: 1 次
CQTkLHUFDcx6dUKE: 1 次
create.bml: 1 次
creditcard: 1 次
Crete_NE: 1 次
Crgk633D31tJ+q1hIphEDQ==: 1 次
Crj2W3+6jEbVtBzW8IEESg==: 1 次
crm_and_sfa: 1 次
CRnCQiUfga+aCSq8HpKwFA==: 1 次
cRnV7boZN9+foeKcRWtkpA==: 1 次
Crossville: 1 次
cruise_deals: 1 次
cruise_deals_sitemap.htm: 1 次
Cruise_Departure_Date: 1 次
Cruise_Destination: 1 次
Cruise_Length: 1 次
Cruise_Line: 1 次
cruises: 1 次
cruises.priceline.com: 1 次
Cry: 1 次
CS9zSBVvyVx4qm6KzAKMtw==: 1 次
cSCunCq9Fif732yop9k90w==: 1 次
CsEC2bj: 1 次
csh: 1 次
CsIcp7a6ahPdnf: 1 次
cSN4yLZDOs4grZU7E: 1 次
CSOQVVZtbqWO33tO2kMKcA==: 1 次
cSXNbx6LyOQkPqGqDC: 1 次
ct.cfm: 1 次
Ctb6ZIoIepph0tmF8NMlXA==: 1 次
cTjF5IJUx4dLE0SNDDps+w==: 1 次
cU6NgIip0z6IeLcsJPQvDg==: 1 次
Cuba: 1 次
Cuba_KS: 1 次
cuC1wuUly8zGbpdtH1qp9Q==: 1 次
culture: 1 次
cunchushebei: 1 次
CupertinoCA: 1 次
currentTarget.value: 1 次
customDayProps.price: 1 次
Customers: 1 次
customerserice: 1 次
customerservi: 1 次
customerservice%: 1 次
customFields.dtmc_deptarture_date: 1 次
customFields.dtmc_dest_city: 1 次
customFields.dtmc_search_type: 1 次
cv: 1 次
cv7MJvifIIwfImjobTZRNA==: 1 次
CVh4MHa56eVmjFlSUQPoBA==: 1 次
cVJDiKEPzR4Q4NXwXrp7TQ==: 1 次
cvstrac: 1 次
CvW4fFFz+prRD7wyHwdRWA==: 1 次
CW6BIhoW5PswTqmeLmw7uQ==: 1 次
cwd6eHwbeW+HA7PSfzj4dw==: 1 次
CWlO+0nxwPex2JrFZoggcQ==: 1 次
cWoizF71NbrZAFkOWjAQtg==: 1 次
cWT+nrAgaWG+Fz+epywgyw==: 1 次
cwutfgFWQgsKzNUbkTrNXg==: 1 次
CX8+s+bnZGyFFaNKTkj6zg==: 1 次
CxfghSR+fXVmPtvJPwHTeg==: 1 次
CXgDXUYuCDDPuMGNJpcJFA==: 1 次
CXKad+6mIMwzTWINOVnssw==: 1 次
CXoZD: 1 次
cXPosvQ99Fy7vituj9FnIQ==: 1 次
CXW9aqVymFj1CM1uJzJtaw==: 1 次
cy: 1 次
cY9wwKjzu2ijw68F5vlR3Q==: 1 次
Cypress_CA: 1 次
cyrille: 1 次
cyrm7OWu051Y6sygmH2KFw==: 1 次
czCkyWdVymPOeMeQmoQzBQ==: 1 次
CzfUl9RIT7PUWJHWK5PMAQ==: 1 次
CZoVDoOXKkM0kqWcL76Y4A==: 1 次
czRC2TQnRTkoa0AG3Sn8Q==: 1 次
d+fmV39qlye5iX0gIWP8kw==: 1 次
d+sqg+4VWJeZ3SE1QCAsZA==: 1 次
d+x4bvmgupa: 1 次
D06QQGMamkw: 1 次
d0ITKa8aGENoGpy8qnrbWw==: 1 次
d0QIoVcltoph5sD3WT: 1 次
d1gI2UH32pi+VpnF044ppw==: 1 次
D1P6XIC+haOV8bg6L+GCpA==: 1 次
D2992hUbLdlR6QaMX3bvMg==: 1 次
d2oDvBntjlqXppC1iEOSDw==: 1 次
D3keU: 1 次
d3RvdVKeLaye+F3eCJf5mw==: 1 次
d3wpgY4SB71yr714g7BHnA==: 1 次
D3x9kgAT9xX4yF+49KbbCw==: 1 次
D4UgIKRn+amh4GTg4WkXsw==: 1 次
d53s7yF2l9AiSWuge6JCcQ==: 1 次
d5CLAzO53ieMpn5zBIsdaA==: 1 次
d5ms4xZ: 1 次
d5WbDDmIRooEwkr99phmig==: 1 次
d66oSnbglhSTyge5MioMeQ==: 1 次
D89tE4G+iU3FrD43AotQCQ==: 1 次
D8oRKhI09s1WPnwFl6M: 1 次
D9d+nWyVCvCq1+yVbEvYhA==: 1 次
da: 1 次
DAecgLsjm6rMMmbq70RKaw==: 1 次
dafedEfSThVGegnZAzKyxQ==: 1 次
dAj6rui4bfqlNlwpgLMw4A==: 1 次
dAKDGPxfm5s: 1 次
Dallas: 1 次
Dallas_TX: 1 次
DalyCityCA: 1 次
damienh: 1 次
Danbury_CT: 1 次
Dania%7C: 1 次
danimo: 1 次
Danvers_MA: 1 次
Danville_KY: 1 次
dartsearch: 1 次
data.title: 1 次
dataLayer.push: 1 次
date.ref: 1 次
dating: 1 次
DavenportIA: 1 次
Dayton_OH: 1 次
DaytonaBeach: 1 次
DaYYUKlCKoHNUdAWrLPIrg==: 1 次
dB63gJm4jRFdjnSRkFKL5w==: 1 次
DBbVoZTEd6NS9nJ4Bff0w==: 1 次
DbhpaP1FgSocSRCJ85SpRA==: 1 次
DBN70: 1 次
DbwmqZWCnNn7uP: 1 次
DcE+gLaOJH8q+oWzlzJpfw==: 1 次
dCGGaI0npwLMLuiWxkmOPw==: 1 次
dCnYGu+t: 1 次
DCS.dcsqry: 1 次
DCS.dcsref: 1 次
DCS.dcsuri: 1 次
DCSext.irc: 1 次
DCSext.iref: 1 次
DCSext.plf_cd: 1 次
dd: 1 次
ddeehWK07Rp2N0etm5SeIA==: 1 次
ddfgdfg: 1 次
ddmU6FJrSATvzFFoK4YrUQ==: 1 次
dDojA9V+DwFtQ: 1 次
de: 1 次
DE: 1 次
De_Soto_TX: 1 次
dealer.htm: 1 次
dealreveal: 1 次
Deals: 1 次
deals.cfm: 1 次
Dearborn_MI: 1 次
DebianEdu: 1 次
DebianPureBlends: 1 次
debug: 1 次
decode.php: 1 次
DeerfieldIL: 1 次
def: 1 次
Defa: 1 次
defau: 1 次
default.: 1 次
default.a: 1 次
default.ajsk=1f03010a2003010a20061124150523E8Ef00017345&plf=PCLN&&irefid=PBPB_AIRTAMManaus11072006: 1 次
default.ajsk=1f03010a2203010a20061124150613EEF900034211&plf=PCLN&&irefid=PBPB_CR3ntBahamas66night11022006: 1 次
default.ajsk=2003010a1f03010a20061124151222EF8900030403&plf=PCLN&&irefid=PBPB_VPGrandOasisRivieraMaya10232006: 1 次
default.ajsk=2003010a2103010a20061124145757EB4200025138&plf=PCLN&&irefid=PBPB_CR7ntECarib11092006: 1 次
default.ajsk=2003010a2203010a20061124150912E96f00015809&plf=PCLN&&irefid=PBPB_Orlando10242006: 1 次
default.ajsk=2103010a2003010a20061124150256E87f00019873&plf=PCLN&&irefid=PBPB_CR4ntBahamas11072006: 1 次
default.ajsk=2103010a2203010a20061124150938E2Cb00059557&plf=PCLN&&irefid=PBPB_AIRAeromexicoCancun10232006: 1 次
default.ajsk=2203010a1f03010a20061124150926DE4d00043108&plf=PCLN&&irefid=PBPB_AIRAATexas11032006: 1 次
default.ajsk=2203010a2003010a20061124150950E2Db00059973&plf=PCLN&&irefid=PBPB_VPHolidayInnParkCity11132006: 1 次
default.aplf=PCLN&irefid=PLRCMERCH&irefclickid=EWR: 1 次
default.as: 1 次
default.asp%23: 1 次
Default.asp%: 1 次
Default.asp%3: 1 次
default.asp%3Frdr%3D1%26refid%3DPLTICKETMASTER%26refclickid%3DFT_HOMEPAGE%26session_key%3D410011AC5C0011AC20100322225418091a10282340: 1 次
default.asp%3Frdr%3D1%26refid%3DPLTICKETMASTER%26refclickid%3DFT_HOMEPAGE%26session_key%3D5C0011AC5D0011AC2010011918504871e9e0182274: 1 次
default.asp%3Frefid%3DPLGOOGLECPC%26refclickid%3DAC27180eC&amp: 1 次
default.asp%3Frefid%3DPLGOOGLECPC%26refclickid%3DAC%7Ctaiwan_travel_eC&amp: 1 次
default.asp%3Frefid%3DPLGOOGLECPC%26refclickid%3DAC%7Ctravel_agent_eC&amp: 1 次
default.asp%3Frefid%3DPLGOOGLECPC%26refclickid%3DAC%7Ctravel_asia_e&amp: 1 次
default.asp%3Frefid%3DPLGOOGLECPC%26refclickid%3DAS27180e: 1 次
default.asp%3Frefid%3DPLGOOGLECPC%26refclickid%3DAS%7Casia_travel: 1 次
default.asp%3Frefid%3DPLGOOGLECPC%26refclickid%3DAS%7Ccheap_travel_e: 1 次
default.asp%3Frefid%3DPLGOOGLECPC%26refclickid%3DAS%7Conline_travel: 1 次
default.asp%3Frefid%3DPLGOOGLECPC%26refclickid%3DAS%7Ctravel_web_sites: 1 次
default.asp%3Frefid%3DPLgooglecpc%26refclickid%3DC_C_travel&amp: 1 次
default.asp%3Frefid%3DPLgooglecpc%26refclickid%3DC_travel_agency_e&amp: 1 次
default.asp%3Frefid%3DPLgooglecpc%26refclickid%3DC_travel_guide&amp: 1 次
default.asp%3Frefid%3DPLgooglecpc%26refclickid%3DC_travel_insurance_european&amp: 1 次
default.asp%3Frefid%3DPLgooglecpc%26refclickid%3DC_travel_insurance_europee&amp: 1 次
default.asp%3Frefid%3DPLgooglecpc%26refclickid%3DC_travel_magazine&amp: 1 次
default.asp%3Frefid%3DPLgooglecpc%26refclickid%3DC_travel_world&amp: 1 次
default.asp%3Frefid%3DPLgooglecpc%26refclickid%3Dchina_travel&amp: 1 次
default.asp%3Frefid%3DPLGOOGLECPC%26refclickid%3DC%7CAT%7Ctravel&amp: 1 次
default.asp%3Frefid%3DPLgooglecpc%26refclickid%3Ddiscount_asia_travele&amp: 1 次
default.asp%3Frefid%3DPLgooglecpc%26refclickid%3Deuropean_travele&amp: 1 次
default.asp%3Frefid%3DPLgooglecpc%26refclickid%3Dhawaii_travel&amp: 1 次
default.asp%3Frefid%3DPLgooglecpc%26refclickid%3Dhawaii_travele&amp: 1 次
default.asp%3Frefid%3DPLgooglecpc%26refclickid%3DHolland_Travele&amp: 1 次
default.asp%3Frefid%3DPLgooglecpc%26refclickid%3Dirish_travele&amp: 1 次
default.asp%3Frefid%3DPLgooglecpc%26refclickid%3Djamaica_travele&amp: 1 次
default.asp%3Frefid%3DPLgooglecpc%26refclickid%3Drail_travel_in_europe&amp: 1 次
default.asp%3Frefid%3DPLGOOGLECPC%26refclickid%3DS_OZ9: 1 次
default.asp%3Frefid%3DPLGOOGLECPC%26refclickid%3DS_priceline_e: 1 次
default.asp%3Frefid%3DPLGOOGLECPC%26refclickid%3DS_TY2: 1 次
default.asp%3Frefid%3DPLGOOGLECPC%26refclickid%3DS_TY61: 1 次
default.asp%3Frefid%3DPLGOOGLECPC%26refclickid%3DS_www_priceline_com_e: 1 次
default.asp%3Frefid%3DPLGOOGLECPC%26refclickid%3DS%7CE4: 1 次
default.asp%3Frefid%3DPLGOOGLECPC%26refclickid%3DS%7CE5b1: 1 次
default.asp%3Frefid%3DPLgooglecpc%26refclickid%3Dtravel: 1 次
default.asp%3Frefid%3DPLgooglecpc%26refclickid%3Dtravel&amp: 1 次
default.asp%3Frefid%3DPLgooglecpc%26refclickid%3Dtravel_agencies_e&amp: 1 次
default.asp%3Frefid%3DPLgooglecpc%26refclickid%3Dtravel_agency_e&amp: 1 次
default.asp%3Frefid%3DPLgooglecpc%26refclickid%3Dtravel_and_tourism&amp: 1 次
default.asp%3Frefid%3DPLgooglecpc%26refclickid%3Dtravel_flight: 1 次
default.asp%3Frefid%3DPLgooglecpc%26refclickid%3Dtravel_greece&amp: 1 次
default.asp%3Frefid%3DPLgooglecpc%26refclickid%3Dtravel_guide&amp: 1 次
default.asp%3Frefid%3DPLgooglecpc%26refclickid%3Dtravel_insurance_europee&amp: 1 次
default.asp%3Frefid%3DPLgooglecpc%26refclickid%3Dtravel_lodge_e&amp: 1 次
default.asp%3Frefid%3DPLgooglecpc%26refclickid%3Dtravel_map&amp: 1 次
default.asp%3Frefid%3DPLgooglecpc%26refclickid%3Dtravel_maps: 1 次
default.asp%3Frefid%3DPLgooglecpc%26refclickid%3Dtravel_maps&amp: 1 次
default.asp%3Frefid%3DPLgooglecpc%26refclickid%3Dtravel_tickets: 1 次
default.asp%3Frefid%3DPLgooglecpc%26refclickid%3Dtravel_world&amp: 1 次
default.asp%3Frefid%3DPLgooglecpc%26refclickid%3Dtravele: 1 次
default.asp%3Frefid%3DPLgooglecpc%26refclickid%3Dtravele&amp: 1 次
default.asp%3Frefid%3DPLgooglecpc%26refclickid%3Dus_travel&amp: 1 次
default.asp%3Frefid%3DPLgooglecpc%26refclickid%3Dvietnam_travele&amp: 1 次
default.asp%3FRefID%3DPLgooglecpc%26RefClickID%3DVS1877e: 1 次
default.asp%3Frefid%3DPLgooglecpc%26refclickid%3Dwww_travel: 1 次
default.asp%3Frefid%3DPLINKTOMI%26refclickid%3DTLP: 1 次
Default.aspsession_key=5D0011AC3F0011AC20091012234551689071013853&plf=pcln&sttgt=Y: 1 次
Default.aspx: 1 次
default.cfm: 1 次
default.htm: 1 次
default_auto.htm: 1 次
defaultB.asp: 1 次
defaultshortpath.htm: 1 次
DefuniakSprings: 1 次
DekiScript: 1 次
Del_Mar_CA: 1 次
Delavan_WI: 1 次
DelrayBeach: 1 次
delta: 1 次
Denton_TX: 1 次
Denton%7C: 1 次
Denver: 1 次
Denver_CO: 1 次
DesMoinesIA: 1 次
detail.php: 1 次
Detected: 1 次
Detroit_MI: 1 次
dev: 1 次
Development: 1 次
dfSloq7fqy4urZBfb+FiKQ==: 1 次
dfTpI7ypgyJrmCShaRk9ow==: 1 次
dG: 1 次
DgENtt7OcY4R0HU9w94rew==: 1 次
DgsLbv: 1 次
dGt+YMPngi4: 1 次
dgVLwqkLlx5dxSuJX9jnPw==: 1 次
dgzWb1IN2dSFx+abMNNHLQ==: 1 次
DH8EeO4bJ0uZDwZd+266og==: 1 次
Dhaka: 1 次
DHJ2Jf1hYBHnitHLkwy6xw==: 1 次
dhk2cXP7ojxB5Nl4dZCikQ==: 1 次
Dhl2qcTRwmsqkrJPIpDdow==: 1 次
Di: 1 次
Dickson_TN: 1 次
dIEE: 1 次
differentCard.do: 1 次
digi: 1 次
diIhS4U2r+e4mxxmBgabDQ==: 1 次
dIIUbyh+AOpSwu+Ujx: 1 次
dinosaurs: 1 次
disclaimer.html: 1 次
discount_airfare: 1 次
discount_car_rentals: 1 次
discount_hotels: 1 次
DISnZcmaovT+JMHUbg2BMA==: 1 次
display_job: 1 次
DisplayPage.aspx: 1 次
dist: 1 次
dITPYfzqhdQDs2cBRjoCpA==: 1 次
DiYRxknT2YpFvNLaiCTLJg==: 1 次
dJ6rUl52gN7OVchowYTlqg==: 1 次
DJa: 1 次
DJg3gf2hmPK1tjxDOc8TQ==: 1 次
djr4qQ4HRCJU0AfRb7B8ew==: 1 次
dJW6YURfnNPtxVBzs+eJ0Q==: 1 次
DjZ7Hpvp7Ah2mC1u1XXMmA==: 1 次
dK9XLWNIFLGSuIWLAR71Q==: 1 次
dKpHWvpxGQe33Hit+iwB6A==: 1 次
dkTSlLOhlKl4EOGXMBXb2A==: 1 次
dl: 1 次
dLagv+z23V31urd8mH3zgg==: 1 次
dlCVZpYAaEMIhQBGYUtuwg==: 1 次
DlensgUZSpeZPtktz7CV1A==: 1 次
dLiHpk4TeZuPYrOKkYOexg==: 1 次
DlkmsAp9rUAQThuDG2UxbQ==: 1 次
dlnr: 1 次
DluLwArU39txC3Q1RSxIBA==: 1 次
DLVNLZm2PCcioM2jm+7mVQ==: 1 次
DlybNj9g3Uic3LFnGXPuRw==: 1 次
dmlnYIvH2lHMyFS+vAqNgg==: 1 次
dmoz: 1 次
dmpZuggvw+Lbk7dRYJ9qRw==: 1 次
DmUr8VUEiw1mN85UlUx66g==: 1 次
DmvOaJn66EH3kCSvvffbHQ==: 1 次
DmyTdku0WcTA1S2s4: 1 次
dna_tests: 1 次
dnBjX+Rc1G: 1 次
dNiAz5FPF0oqj2xF6i0XLQ==: 1 次
DniuO: 1 次
DO+rrVelrGZAGkwQeRiMHg==: 1 次
do7YsfhTUzrRizZdG+QuMg==: 1 次
document.all.scrolldiv: 1 次
document.all.scrolltab: 1 次
DocumentationTeam%3C: 1 次
dogfbL8e8jlm7e1MSu2PQA==: 1 次
DoiQCAgF7NDOxk8eUhE2Gg==: 1 次
Dollar: 1 次
dom.doms: 1 次
dom.img: 1 次
dom.link: 1 次
dom.ln: 1 次
dom.res: 1 次
donat: 1 次
donate: 1 次
donate.php: 1 次
done.state: 1 次
donors: 1 次
doo99CGV1djAu9Jd7xsWAQ==: 1 次
Dorado_PR: 1 次
doubleOccup.do: 1 次
Douglasville: 1 次
down: 1 次
DownersGrv: 1 次
downloads.html: 1 次
DOZTnhH2Ui1ZZQvTFUG+6A==: 1 次
dP27Cw7fpjNi6OOPDUAwow==: 1 次
DPFbZmqXvnZ: 1 次
dpp: 1 次
dPqWYz676LvDckiBy+HrvA==: 1 次
dpy0nWorWbbnRHhycatMhQ==: 1 次
DpyIdRqItMHZiyPCwneV9w==: 1 次
DPyRN9APRrv+PvXmxNl: 1 次
DPZgzkfK4TOCir8iRWcfhw==: 1 次
DQsCb4ebJX48xxXebV1bFA==: 1 次
dR5: 1 次
DRALo1GpNJ6C+tUxIdbD2A==: 1 次
Dream: 1 次
DRHM: 1 次
drJGG92rlaVFEsS: 1 次
dRJmXgB+EC2SDxkdAXNjUg==: 1 次
drnAkFv6jk2nvRHZsaDWzw==: 1 次
DropOffDate=0: 1 次
drZvSdGijTlS+5Z: 1 次
dS0kfOpHwCaSxYQFvqbOrA==: 1 次
dsarwebform: 1 次
dsRepYO4kMJoRicTrqpCiQ==: 1 次
dsRfsvOGx: 1 次
dT18kwL1ISBhk5WPaPQPfA==: 1 次
dtbBQ: 1 次
dTEL6H9cfdPeFiYhxsEXOg==: 1 次
dU5NpaTI3OteA3xS+mk1BA==: 1 次
dubina: 1 次
Dubuque_IA: 1 次
Dud7CCimFB9lUw4dPHlhuA==: 1 次
DUDEWejSDbjO4505DY6gEg==: 1 次
DUF59If7FkahXVunvJ: 1 次
DUGDy0fafY48+IWu3IiVVQ==: 1 次
Duluth_MN: 1 次
Durham_NC: 1 次
DuW8TnYd5cotSdT+HLSRwQ==: 1 次
dv: 1 次
dVDCHZwJXvYjuVLUZo8QzA==: 1 次
Dvi3LdL3txwa6G0B0KrgLw==: 1 次
dvZe0TAoz9bYNiSTJQW3xw==: 1 次
dW9vtgcdsJ0eCNMpbWFjVw==: 1 次
dWA7Ngab: 1 次
dwDKAmiDFzSmVHlXNFZG7A==: 1 次
DX23: 1 次
dxAgsOK7F5T2S2us25X0zA==: 1 次
dXcTeGFm9jkKq: 1 次
DXfeIlcfHkuY2WTEK1UBrQ==: 1 次
dXmBtgrxVZ2KYQIHh7z1GA==: 1 次
DXRvkoXw2arUXRUBOlDIgg==: 1 次
dy9KbDZtlwvw256H5qAIcg==: 1 次
dyDLj: 1 次
dYgqiSvyJ3lLfjfq2ye8qw==: 1 次
DYLMj7bBrCF6zDmOwOskg==: 1 次
DYow8PECLF6iBC8gsMHurw==: 1 次
dYsDr2s4CuHPfHAJMfvtng==: 1 次
DYWEZHzbILu8KmZUIgBYuQ==: 1 次
dyx3Je+pMZckp7fLldfZig==: 1 次
DZN6WFrbUYrSCqvTUh1gyA==: 1 次
DZSYfTV4aAgRbUVNDbBLpg==: 1 次
DzzGr6xFPec: 1 次
e+8MrWukLJIh2uhuVI9ulQ==: 1 次
E+hN1: 1 次
e+pdZux6q+tz3JFdP+qUhw==: 1 次
E: 1 次
e1IBoleFeeQ5CGZs79B87A==: 1 次
E2ASUexMjCWc6Zog9LxLXQ==: 1 次
e3ZY+v0sEsKaKJ09AyGK1A==: 1 次
e4cCVgJX7eip52vKlmVkOA==: 1 次
e4SmmYfjxuS6cP: 1 次
e4tmHEWlEjccSeJTj: 1 次
E4UF9TXzSxiR9dsZQ89t9Q==: 1 次
e6Ty2EO0BZXdh0ZmDbA37Q==: 1 次
E7lo8TVPy6ZtQlhn0QNm2w==: 1 次
E7qbrHEXv3pZajUQvve: 1 次
E8+pgT6zgGGNgUN3szPjLA==: 1 次
e8fRMFgQJiGpQIH7FBSh2Q==: 1 次
E9SpQlNz+lGHb1aPSWmNtg==: 1 次
E9tf9i70b0qpM5QfQUsV0w==: 1 次
e9WFOczXNuMUFvpQfb0qEw==: 1 次
e9ysXScx++jfJO0V8yzuEg==: 1 次
eaaCatalog: 1 次
eaeu74b+Z: 1 次
EAg5u4g4zeV+OiP5SKNG9g==: 1 次
EAm+ef7zSu+1e6PS1ogg7w==: 1 次
easP8W5h4Z5NZHH06oyPgw==: 1 次
EastHanover: 1 次
easyir: 1 次
EatontownNJ: 1 次
EauClaireWI: 1 次
EBd: 1 次
EbuIvsiUqhXIbgXMpHe8YA==: 1 次
EbxCY368xGHqPn8uWs8v: 1 次
ecfs2: 1 次
eclasrch: 1 次
EcmgcwWXCN5n3YLWrkCGiA==: 1 次
ecom: 1 次
ecommerce: 1 次
Economy: 1 次
ECsoh74Fl5MR1Ln1eQCC8A==: 1 次
EcTEPmpoF+nlv5bgVY423w==: 1 次
EcviSOJGYXNu5YcAs7YDow==: 1 次
ecXLaTj62S+Ce8fiWkqJhQ==: 1 次
EdenPrairie: 1 次
Edenton: 1 次
EdgewaterNJ: 1 次
Edinburg_TX: 1 次
EdistoIsland: 1 次
Edmond_OK: 1 次
Eds3: 1 次
edY93BX7dv9h7WvpuQyuJQ==: 1 次
eE: 1 次
EE1qnvkgIlpQCA2gZoNgXQ==: 1 次
eEcSAFntKRk25GROm1q8dA==: 1 次
eEig7YLmvX9KtbPiNWLtpg==: 1 次
EEMbNA7A9EC7pFGNAVSwjQ==: 1 次
eEMUUmo1YdyOgwcctgiXSw==: 1 次
EENRSINiBn7tBhSKtBFpfA==: 1 次
efb05R971+3gdUFKnWd+ZQ==: 1 次
EFDUNI5wuYM5+zwvAg5FA==: 1 次
EfeXIXxzlhhF47dI4uPKfA==: 1 次
efn97gdfJ4rYXHtqqkEHXg==: 1 次
EFszSqcVyGcKNLigxUE8nQ==: 1 次
eFU6Jjb1pz: 1 次
eGCGazfItNYNaWt90mJEoA==: 1 次
eGI0XURikeyodsCXKpMLBQ==: 1 次
eGNm0A5IEpiEbMUd0NI3gA==: 1 次
eGPHjJ2AhL5xBPgsbSXC6g==: 1 次
EgQ: 1 次
EhlTyaIeT+TdnmcyfPd4Gg==: 1 次
ehotels: 1 次
ehP0mhWKYNvGg8kIP6uSiQ==: 1 次
ehS58J93OXO7xEcZR5XQ4A==: 1 次
EHuOcUAQNrir48oLem14zg==: 1 次
EhXj+7U9vZYs9kscHmGrDg==: 1 次
EhztobBSJnaFZ0qgsxC9Og==: 1 次
Ei+oKM+eYq0u5mEOyuZt8g==: 1 次
Ei1w2sni9fDJO2JhexVAlQ==: 1 次
Ei4E6AoY+j2Rr9fyRQwE9A==: 1 次
EiFCUXkPrv1XX4u6jbKMIQ==: 1 次
Eifelian: 1 次
eIJY8X4dsUVBZMZwqfWSrQ==: 1 次
eIM0K+2xXZ2XGL: 1 次
EIo: 1 次
Eirc9Z6eop7tcsjE2Ug4hQ==: 1 次
EIY1+EVm4olRIoFwaPgASg==: 1 次
eJL+D+2KTthL2VNYcC+V+g==: 1 次
EjmlFSkgUpNQEQRSYPrXjA==: 1 次
eJsTdCtpakgq7tCG3ascaA==: 1 次
EjSZOJU: 1 次
EjY4vnqtfuQkvw7VIcq: 1 次
Ekg: 1 次
EkkWgRqngESVWKlXi2n3CQ==: 1 次
EkM8t9nwN2JFMFBOPGKHhg==: 1 次
el: 1 次
El: 1 次
EL2FmhVtzT0: 1 次
El_Cajon_CA: 1 次
El_Paso_TX: 1 次
ELcLFueZPxmaRDrUl6+iAw==: 1 次
ELEc7ERlSv2mdil8skRkmg==: 1 次
eLFSau5qF7BXjZH3w9+oNg==: 1 次
ELgh2cogHQlJDjkKWatTaQ==: 1 次
Ellenton_FL: 1 次
ELMkkULrjuHLBb+noXvfDw==: 1 次
Elmsford_NY: 1 次
Eloy_AZ: 1 次
eLuAiLLkbW5fgpNvkfUl2g==: 1 次
elxa: 1 次
eLZmz2zZN9eg: 1 次
EMA1f16JrBPNc5XmlRz23g==: 1 次
Email_Address: 1 次
emailtoschools: 1 次
Emeryville: 1 次
EMjt75H+mtL0nlun+hXsxQ==: 1 次
emPfq8fybSbAZPMbsOf5ww==: 1 次
employment: 1 次
En6lXJ+sIUPCk1Ziw2egMA==: 1 次
ENEjWqulJdTyZPiaJhe97w==: 1 次
enes: 1 次
Englewood: 1 次
EnglewoodCO: 1 次
english: 1 次
ENJZussG9TT2cHXUo1RJjQ==: 1 次
enNSZ34nfm5HWXMkgvK0GA==: 1 次
Enterprise: 1 次
enterprisetech: 1 次
entertainment2012: 1 次
entertainment2014: 1 次
enTZ5W7f2UNISE6R: 1 次
enZI2zt8NurUc71TSO5s9A==: 1 次
eo: 1 次
EoBHK1Lt5BfNq4Alyz: 1 次
EOlhxSIi4yQDNmYgE3iPKw==: 1 次
eoTedS41Gq32uHKao9bEWw==: 1 次
epicenter: 1 次
epIZwKszv+bvqPpRZVQr0g==: 1 次
epkTo10gQRcdH9wvzKFUjg==: 1 次
EppACnL7tmjt3te9ZmjVBg==: 1 次
EpwQLb2oJFL3HTj: 1 次
EQaBL4ghC4mQmXr0bN37GA==: 1 次
eqcyIRvYOt4RXVyETNk7sg==: 1 次
eQG: 1 次
eQIdmzoBlJjprIuFlSBL4g==: 1 次
EQkgzssPkBgRPEPRX9Vrvw==: 1 次
eQMbbuiCyuu7apHoK5P4ow==: 1 次
EqQ: 1 次
eQSgrdHR5jmvDQzzhymZ0g==: 1 次
EquA3Us3f1MLm0zIIiShHQ==: 1 次
eR33J8lhOT: 1 次
EraLBEKXsK0Sn3YeEuRKzA==: 1 次
Erie: 1 次
ERJW0EYm: 1 次
Erlanger: 1 次
Erlanger_KY: 1 次
error.base: 1 次
error.dark: 1 次
error.light: 1 次
ErrorPage.aerr=%2D2: 1 次
ErrorPage.as: 1 次
errorpage.htm: 1 次
es6.map: 1 次
es6.set: 1 次
eSAaOz3nDmhghP3ttvg8aw==: 1 次
EsBOGDlB1xe6Bxh1Y99Yqg==: 1 次
EsHLCKfaNuaSq9ZLoO: 1 次
EsnqO3aOnLf4FolmfFpfLQ==: 1 次
espacenet: 1 次
espanol: 1 次
Essex_MD: 1 次
EssingtonPA: 1 次
EstesPark: 1 次
ESvHODqbleYjAiKOtpIIjw==: 1 次
esyN0tCwJZSTEWnXAGKfiA==: 1 次
et: 1 次
EtFDqiBCn9TSO91W6qlPIQ==: 1 次
ETkVOGliawGTb0O0evOfvw==: 1 次
etrkn1sh0Ni51zYElfkueA==: 1 次
ets: 1 次
EtTmEr: 1 次
etxbWT5nOPhZZVgdY8Leig==: 1 次
EtzK5vsZU6R2N5fkbNksxg==: 1 次
eu: 1 次
EUEMC7jAC+bz8GHBhpvO6Q==: 1 次
Eugene_OR: 1 次
EUH: 1 次
EUisgHV4JoUtvT5fJoXxgQ==: 1 次
EuNCkh1OcPbDC0+ZPmXvCQ==: 1 次
EUQGSM: 1 次
EuQMSAP0+Z4HGEp2CFnfbA==: 1 次
Eureka: 1 次
Eureka_CA: 1 次
EurekaSpgs: 1 次
Europcar: 1 次
euYFTYRNh: 1 次
eV5dsTL51Pqq: 1 次
eva: 1 次
Evansville: 1 次
evArugeabSyYFf+XOnGyQw==: 1 次
EVd4Wp2dqIx1Rqfi3wQSRA==: 1 次
event: 1 次
eventIndex: 1 次
eventlink: 1 次
Events.wheel: 1 次
EvI1cFNU3vd: 1 次
evl: 1 次
ewbncLrIll9yDlBw5W1qjQ==: 1 次
eWHMd: 1 次
EWKtb0b+R2egAaZPO47Hkg==: 1 次
EWRlvom67xbAAy1Y924jhQ==: 1 次
exceptions: 1 次
eXg8C+Y0A: 1 次
exH9: 1 次
exhibitions: 1 次
exhibits: 1 次
EXI: 1 次
exit: 1 次
extensions: 1 次
eY5hUGN5u3vPEDk4xEphFQ==: 1 次
EYf0VJyfQffnVHgwmtbdNw==: 1 次
eyhQ5g4znJoZowgu: 1 次
eyIvxZVw2+eWj+AtvLF1qw==: 1 次
EyJ9a1PQmtefl48WkAG4Og==: 1 次
eyJQPl3ZrClqnQHrLGeqPQ==: 1 次
eyvNLFCXTyMCN72kvJTsOg==: 1 次
ezgqdmN3CyRI94imnrpo6g==: 1 次
ezTrOCageL2Gssqv5Z6nUA==: 1 次
eZwtGHK0bCpYQyuvF95m1Q==: 1 次
EZZfkhbxwPb+L7+m5CpdGA==: 1 次
f+80sNkbr71SsnFL54PEOw==: 1 次
F+HgBMTtREqEVgBHe6SnwA==: 1 次
F+t1mRemGpzpQxc9I+wMOw==: 1 次
F0FSo0LnLbrSyryIh8F7ow==: 1 次
f0k2AUExhydX+t03bOb2Lg==: 1 次
f0VSNhMGUQY47K10Wsj7YA==: 1 次
f0xpKcOzQM3TqB3gsLAzvg==: 1 次
F1P0jkIqnCade: 1 次
f202: 1 次
F2Kd5a63SXvEW3AKdzuAYQ==: 1 次
f2q2xzMfbWjZyDN5tjS4Ag==: 1 次
F2uO90V5sRVFJtNlYp8n4A==: 1 次
F3iBD1Nnl8HPVI+NQ27T6w==: 1 次
F3u6pKRaIdIZmyB8ZfNKEw==: 1 次
f4cpxLwUox5HYGiNmQxZDg==: 1 次
f4RLGIooHXtB3PNN1L7Y9w==: 1 次
F58QjxRDjZj1bcs0q9TSvQ==: 1 次
f5bhP3oFAh: 1 次
f5J2ejhcj5w6rS+IoX8L8A==: 1 次
f5QtDER4J1UcUdM3g8RATA==: 1 次
F5yjjg09H6NwAXDbspLmlQ==: 1 次
F6BN: 1 次
F7IWngdY+cUf67QnMlm9qw==: 1 次
f7UBAUvtJfMYIqmiTQBTpQ==: 1 次
F80X66ApuwYVRSTlGlAbsA==: 1 次
F83HNJ0trIrPjeJQ2g0uLA==: 1 次
f8B+27Z0OJ0AjUqQNjaPtA==: 1 次
f8iIOr0Xh: 1 次
F9FFPe9xqROXHz1blfVwew==: 1 次
fa: 1 次
FA4wJAPA8lQ0Ecg0sktC1Q==: 1 次
fab.shtml: 1 次
faca2n0fuLzRK6d5KiM4hA==: 1 次
facebook: 1 次
facemaster.cfm: 1 次
FaDCPG2rOY4iAEfpVLnSxw==: 1 次
failover: 1 次
Fairfax: 1 次
Fairfax_VA: 1 次
FairviewHts: 1 次
Fajardo_PR: 1 次
falcor: 1 次
FallsChurch: 1 次
Falmouth: 1 次
faq.asp: 1 次
FaQSXxxA3Mdh2e2tTeOPxg==: 1 次
Fargo: 1 次
fAWqrbMLjFO4SL: 1 次
fb: 1 次
Fb78NKaotTNOf1XboJuvnQ==: 1 次
FbCF73v9XPKczQegvCI89g==: 1 次
fbQs0dRasqc3sOLQMxLtBg==: 1 次
fBrq+U8nTIbdRiAfn32S8w==: 1 次
FC38LfbOLZjD: 1 次
fcn: 1 次
fcn9bXIRfIylhkAAbWqvwA==: 1 次
FCty1PCUYncmoIpC82IMoQ==: 1 次
fcUzb99d0JcdjRLZjMlMOA==: 1 次
fD23T1ccD0S6Tv: 1 次
fD7xYBh8CWstdLS03sp0Gw==: 1 次
fdc: 1 次
fDcKJeT+vb10Gmt: 1 次
fdo2bBQ3anT9w0Ux7RlURw==: 1 次
fdVdbtNJ6elTAEh4McGi6w==: 1 次
FE6yrle: 1 次
fe_dev.php: 1 次
FeaB+sF4VHSH7PAjBTsCDA==: 1 次
features: 1 次
Feb6spmlJmuE: 1 次
FederalWay: 1 次
feeds.html: 1 次
fetch.bnu: 1 次
fex+jTVb+JL4u2Ys4ftCWA==: 1 次
ffn: 1 次
FfVCdEV9hA5mKj4e3nIrVQ==: 1 次
FfykYu7nyowdKu3+w9qKJw==: 1 次
FFylDZNs3: 1 次
FG7hTREgTfkjTXbbG3RD0g==: 1 次
fguvUS8QsAwrgY3: 1 次
fGVLUC+kPHCEPTF+W7Cb5g==: 1 次
fH0dSnB7wo5NRxWb9dn: 1 次
FH3hQBQOoolTQSAGhrUgSw==: 1 次
Fhn26pBbFZnBwCAOLPjXvg==: 1 次
fi: 1 次
fileplanet: 1 次
FilePlanet_F2P: 1 次
Fillmore_CA: 1 次
finalists: 1 次
finanace: 1 次
find_jobs: 1 次
fiPFrg7Gmgmv: 1 次
FIQrhCuFUHb8hsgRQoblcw==: 1 次
firefox: 1 次
fishadvisories: 1 次
Fishkill_NY: 1 次
fITC8dyoc1g982Otg2cqJw==: 1 次
fitness: 1 次
fitnessequiptment: 1 次
fiW1eWcVttJsLnEdFHm2oQ==: 1 次
Fj+4SN: 1 次
FJ+Rn67457y0QDBxQcx+pw==: 1 次
FJdHKK6QVOgexUckomBM6w==: 1 次
FJkNHevmurVcEf8fWJTKYg==: 1 次
fjmbHvCSilLjhKY6URTrow==: 1 次
FjuCOn5VM58PO3rzO1jmKg==: 1 次
FjYs+fKp1aIzyF4dTXSvyQ==: 1 次
fK8QNyVQBt: 1 次
fKdYPysjbOYR7Q7Wl4LLGA==: 1 次
fkJf9RVOc5mVS8zqkOyx9g==: 1 次
fl: 1 次
fl%20ights: 1 次
FL: 1 次
fl1nqby6kQtJFL+f9DuDwA==: 1 次
FL8YRgRqoEw1oNtKMLDnNA==: 1 次
Flagstaff: 1 次
FlagstaffAZ: 1 次
flE1P8oJeL7PBqDrCO: 1 次
Flemington: 1 次
flhQpaXugQdvMA+UHLlbbw==: 1 次
fligh: 1 次
flighimgwww.priceline.com: 1 次
flight: 1 次
flight.home: 1 次
flight.list: 1 次
flight_deals_sitemap.htm: 1 次
flight_dest_sitemap.htm: 1 次
flights%2: 1 次
Flights: 1 次
Flint_MI: 1 次
FLkgYP+iLIxdb8wyZ2aRhA==: 1 次
Floresville%7C: 1 次
Florida: 1 次
FLPR: 1 次
FlZgYQs4B: 1 次
FM255Eyn: 1 次
fMz+o2Lpsfu: 1 次
fN8BrPqVmfadAJkL5+U14g==: 1 次
FnEZk+Lxs3uU5nND0D12Qg==: 1 次
fNOiHMbC0aAJqfCp2kNrXg==: 1 次
FNSMlKDEgqmPNk: 1 次
fo: 1 次
fo_cpr_default.asp: 1 次
FOCyVKCpsZ8KxnDbF2i+Tw==: 1 次
fOGqV8eD1tuDyHjvyGBbPw==: 1 次
FohljJWoFJr6Icnro8QRoQ==: 1 次
foischeme: 1 次
Folsom_CA: 1 次
FOMN2b4wZQjrgtJAZzvBcg==: 1 次
freebies: 1 次
from: 1 次
GEO: 1 次
graphql: 1 次
gtm.start: 1 次
help: 1 次
http_404b.htm: 1 次
ics: 1 次
image: 1 次
impression: 1 次
in: 1 次
index: 1 次
intl: 1 次
join: 1 次
letterSpacings.caps: 1 次
list: 1 次
location.href: 1 次
login: 1 次
mapview: 1 次
mediaQueries.lg: 1 次
mediaQueries.xl: 1 次
mediaQueries.xxl: 1 次
mvm: 1 次
mytrips: 1 次
N: 1 次
near: 1 次
next: 1 次
nha: 1 次
of: 1 次
pathObject.root: 1 次
PriceArea: 1 次
pricePrimary.light: 1 次
primary.base: 1 次
primary.dark: 1 次
primary.light: 1 次
promotions: 1 次
properties.brand: 1 次
properties.email: 1 次
properties.price: 1 次
properties.sku: 1 次
properties.total: 1 次
properties.url: 1 次
properties.value: 1 次
react.block: 1 次
react.lazy: 1 次
react.memo: 1 次
react.scope: 1 次
react: 1 次
register: 1 次
rs: 1 次
s: 1 次
schemas: 1 次
script: 1 次
secondary.base: 1 次
sopq: 1 次
sourceConfig: 1 次
splunk: 1 次
success.dark: 1 次
success.light: 1 次
text.base: 1 次
text.dark: 1 次
text.light: 1 次
Text.span: 1 次
textStyles.small: 1 次
to: 1 次
tokenError: 1 次
tokenLanding: 1 次
trips: 1 次
tv2track.php: 1 次
undefined: 1 次
v1: 1 次
vip: 1 次
warning.light: 1 次
wl: 1 次
xstate.after: 1 次
xstate.error: 1 次
xstate.guard: 1 次
xstate.init: 1 次
xstate.log: 1 次
xstate.pure: 1 次
xstate.raise: 1 次
xstate.send: 1 次
xstate.start: 1 次
xstate.stop: 1 次
404error.do: 1 次
shipdetail.do: 1 次
Common: 1 次
Consent.htm: 1 次
Cookies.htm: 1 次
ForgotLogin.htm: 1 次
Privacy.htm: 1 次
Search: 1 次
Terms.htm: 1 次
n: 1 次
this.props.data,announcementText=_.get(data,: 1 次
this.props.data,isEnabled=_.get(data,: 1 次
idp: 1 次
htlimg: 1 次
lrapp: 1 次
%5C%22https:%5C: 1 次
packages: 1 次
page: 1 次
